TN:
SF:app\+not-found.tsx
FN:7,NotFoundScreen
FNF:1
FNH:0
FNDA:0,NotFoundScreen
DA:8,0
DA:21,0
LF:2
LH:0
BRF:0
BRH:0
end_of_record
TN:
SF:app\_layout.tsx
FN:18,RootLayout
FN:26,(anonymous_1)
FN:31,(anonymous_2)
FN:42,(anonymous_3)
FNF:4
FNH:0
FNDA:0,RootLayout
FNDA:0,(anonymous_1)
FNDA:0,(anonymous_2)
FNDA:0,(anonymous_3)
DA:16,0
DA:19,0
DA:20,0
DA:21,0
DA:26,0
DA:27,0
DA:31,0
DA:32,0
DA:33,0
DA:37,0
DA:38,0
DA:42,0
DA:43,0
DA:44,0
DA:45,0
DA:48,0
DA:50,0
LF:17
LH:0
BRDA:27,0,0,0
BRDA:27,0,1,0
BRDA:32,1,0,0
BRDA:32,1,1,0
BRDA:37,2,0,0
BRDA:37,2,1,0
BRDA:43,3,0,0
BRDA:43,3,1,0
BRDA:44,4,0,0
BRDA:44,4,1,0
BRDA:51,5,0,0
BRDA:51,5,1,0
BRDA:58,6,0,0
BRDA:58,6,1,0
BRF:14
BRH:0
end_of_record
TN:
SF:app\(drawer)\_layout.tsx
FN:12,DrawerLayout
FN:46,(anonymous_1)
FN:54,(anonymous_2)
FN:64,(anonymous_3)
FN:75,(anonymous_4)
FN:87,(anonymous_5)
FN:98,(anonymous_6)
FN:109,(anonymous_7)
FN:121,(anonymous_8)
FN:132,(anonymous_9)
FN:142,(anonymous_10)
FNF:11
FNH:0
FNDA:0,DrawerLayout
FNDA:0,(anonymous_1)
FNDA:0,(anonymous_2)
FNDA:0,(anonymous_3)
FNDA:0,(anonymous_4)
FNDA:0,(anonymous_5)
FNDA:0,(anonymous_6)
FNDA:0,(anonymous_7)
FNDA:0,(anonymous_8)
FNDA:0,(anonymous_9)
FNDA:0,(anonymous_10)
DA:13,0
DA:14,0
DA:16,0
DA:46,0
DA:55,0
DA:65,0
DA:76,0
DA:88,0
DA:99,0
DA:110,0
DA:122,0
DA:133,0
DA:142,0
LF:13
LH:0
BRDA:14,0,0,0
BRDA:14,0,1,0
BRF:2
BRH:0
end_of_record
TN:
SF:app\(drawer)\(tabs)\_layout.tsx
FN:11,TabLayout
FN:53,(anonymous_1)
FN:60,(anonymous_2)
FNF:3
FNH:0
FNDA:0,TabLayout
FNDA:0,(anonymous_1)
FNDA:0,(anonymous_2)
DA:12,0
DA:14,0
DA:53,0
DA:60,0
LF:4
LH:0
BRDA:17,0,0,0
BRDA:17,0,1,0
BRDA:18,1,0,0
BRDA:18,1,1,0
BRDA:30,2,0,0
BRDA:30,2,1,0
BRDA:32,3,0,0
BRDA:32,3,1,0
BRF:8
BRH:0
end_of_record
TN:
SF:app\(drawer)\(tabs)\explore.tsx
FN:8,SallieCapabilitiesScreen
FN:13,(anonymous_1)
FN:16,(anonymous_2)
FN:26,(anonymous_3)
FN:29,(anonymous_4)
FN:51,(anonymous_5)
FN:61,(anonymous_6)
FNF:7
FNH:0
FNDA:0,SallieCapabilitiesScreen
FNDA:0,(anonymous_1)
FNDA:0,(anonymous_2)
FNDA:0,(anonymous_3)
FNDA:0,(anonymous_4)
FNDA:0,(anonymous_5)
FNDA:0,(anonymous_6)
DA:9,0
DA:10,0
DA:11,0
DA:13,0
DA:14,0
DA:17,0
DA:26,0
DA:27,0
DA:30,0
DA:39,0
DA:52,0
DA:61,0
DA:95,0
LF:13
LH:0
BRDA:10,0,0,0
BRDA:10,0,1,0
BRDA:19,1,0,0
BRDA:19,1,1,0
BRDA:32,2,0,0
BRDA:32,2,1,0
BRDA:57,3,0,0
BRDA:57,3,1,0
BRDA:65,4,0,0
BRDA:65,4,1,0
BRDA:75,5,0,0
BRDA:75,5,1,0
BRDA:76,6,0,0
BRDA:76,6,1,0
BRDA:77,7,0,0
BRDA:77,7,1,0
BRDA:78,8,0,0
BRDA:78,8,1,0
BRF:18
BRH:0
end_of_record
TN:
SF:app\(drawer)\(tabs)\index.tsx
FN:13,SallieHomeScreen
FN:22,(anonymous_1)
FN:32,(anonymous_2)
FN:37,(anonymous_3)
FN:52,(anonymous_4)
FN:108,(anonymous_5)
FN:118,(anonymous_6)
FN:135,(anonymous_7)
FN:144,(anonymous_8)
FN:157,(anonymous_9)
FNF:10
FNH:0
FNDA:0,SallieHomeScreen
FNDA:0,(anonymous_1)
FNDA:0,(anonymous_2)
FNDA:0,(anonymous_3)
FNDA:0,(anonymous_4)
FNDA:0,(anonymous_5)
FNDA:0,(anonymous_6)
FNDA:0,(anonymous_7)
FNDA:0,(anonymous_8)
FNDA:0,(anonymous_9)
DA:11,0
DA:14,0
DA:15,0
DA:17,0
DA:18,0
DA:19,0
DA:20,0
DA:22,0
DA:24,0
DA:32,0
DA:33,0
DA:34,0
DA:37,0
DA:38,0
DA:40,0
DA:46,0
DA:52,0
DA:53,0
DA:56,0
DA:64,0
DA:79,0
DA:87,0
DA:109,0
DA:118,0
DA:136,0
DA:145,0
DA:158,0
DA:208,0
LF:28
LH:0
BRDA:15,0,0,0
BRDA:15,0,1,0
BRDA:38,1,0,0
BRDA:38,1,1,0
BRDA:114,2,0,0
BRDA:114,2,1,0
BRDA:115,3,0,0
BRDA:115,3,1,0
BRDA:122,4,0,0
BRDA:122,4,1,0
BRDA:162,5,0,0
BRDA:162,5,1,0
BRDA:164,6,0,0
BRDA:164,6,1,0
BRDA:171,7,0,0
BRDA:171,7,1,0
BRF:16
BRH:0
end_of_record
TN:
SF:app\(onboarding)\_layout.tsx
FN:4,OnboardingLayout
FNF:1
FNH:0
FNDA:0,OnboardingLayout
DA:5,0
LF:1
LH:0
BRF:0
BRH:0
end_of_record
TN:
SF:app\(onboarding)\stage0.tsx
FN:11,Stage0
FN:12,(anonymous_1)
FN:16,(anonymous_2)
FNF:3
FNH:0
FNDA:0,Stage0
FNDA:0,(anonymous_1)
FNDA:0,(anonymous_2)
DA:12,0
DA:13,0
DA:16,0
DA:17,0
DA:20,0
DA:45,0
LF:6
LH:0
BRF:0
BRH:0
end_of_record
TN:
SF:app\(onboarding)\stage1.tsx
FN:10,Stage1
FN:11,(anonymous_1)
FN:15,(anonymous_2)
FNF:3
FNH:0
FNDA:0,Stage1
FNDA:0,(anonymous_1)
FNDA:0,(anonymous_2)
DA:11,0
DA:12,0
DA:15,0
DA:16,0
DA:19,0
DA:37,0
LF:6
LH:0
BRF:0
BRH:0
end_of_record
TN:
SF:app\(onboarding)\stage2.tsx
FN:10,Stage2
FN:11,(anonymous_1)
FN:15,(anonymous_2)
FNF:3
FNH:0
FNDA:0,Stage2
FNDA:0,(anonymous_1)
FNDA:0,(anonymous_2)
DA:11,0
DA:12,0
DA:15,0
DA:16,0
DA:19,0
DA:37,0
LF:6
LH:0
BRF:0
BRH:0
end_of_record
TN:
SF:app\(onboarding)\stage3.tsx
FN:9,Stage3
FN:10,(anonymous_1)
FN:14,(anonymous_2)
FNF:3
FNH:0
FNDA:0,Stage3
FNDA:0,(anonymous_1)
FNDA:0,(anonymous_2)
DA:10,0
DA:11,0
DA:14,0
DA:15,0
DA:18,0
DA:28,0
LF:6
LH:0
BRF:0
BRH:0
end_of_record
TN:
SF:app\(onboarding)\stage4.tsx
FN:9,Stage4
FN:10,(anonymous_1)
FN:14,(anonymous_2)
FNF:3
FNH:0
FNDA:0,Stage4
FNDA:0,(anonymous_1)
FNDA:0,(anonymous_2)
DA:10,0
DA:11,0
DA:14,0
DA:15,0
DA:18,0
DA:34,0
LF:6
LH:0
BRF:0
BRH:0
end_of_record
TN:
SF:app\(onboarding)\stage5.tsx
FN:10,Stage5
FN:15,(anonymous_1)
FN:19,(anonymous_2)
FN:40,(anonymous_3)
FN:41,(anonymous_4)
FN:45,(anonymous_5)
FN:49,(anonymous_6)
FNF:7
FNH:0
FNDA:0,Stage5
FNDA:0,(anonymous_1)
FNDA:0,(anonymous_2)
FNDA:0,(anonymous_3)
FNDA:0,(anonymous_4)
FNDA:0,(anonymous_5)
FNDA:0,(anonymous_6)
DA:11,0
DA:12,0
DA:13,0
DA:15,0
DA:16,0
DA:19,0
DA:20,0
DA:21,0
DA:23,0
DA:24,0
DA:25,0
DA:26,0
DA:27,0
DA:28,0
DA:30,0
DA:33,0
DA:34,0
DA:37,0
DA:40,0
DA:41,0
DA:42,0
DA:45,0
DA:46,0
DA:49,0
DA:50,0
DA:53,0
DA:68,0
LF:27
LH:0
BRDA:20,0,0,0
BRDA:20,0,1,0
BRDA:21,1,0,0
BRDA:21,1,1,0
BRDA:23,2,0,0
BRDA:23,2,1,0
BRDA:23,3,0,0
BRDA:23,3,1,0
BRDA:25,4,0,0
BRDA:25,4,1,0
BRDA:27,5,0,0
BRDA:27,5,1,0
BRDA:27,6,0,0
BRDA:27,6,1,0
BRDA:33,7,0,0
BRDA:33,7,1,0
BRDA:33,8,0,0
BRDA:33,8,1,0
BRDA:59,9,0,0
BRDA:59,9,1,0
BRF:20
BRH:0
end_of_record
TN:
SF:app\(onboarding)\stage6.tsx
FN:11,Stage6
FN:14,(anonymous_1)
FN:19,(anonymous_2)
FN:23,(anonymous_3)
FNF:4
FNH:0
FNDA:0,Stage6
FNDA:0,(anonymous_1)
FNDA:0,(anonymous_2)
FNDA:0,(anonymous_3)
DA:12,0
DA:14,0
DA:15,0
DA:16,0
DA:19,0
DA:20,0
DA:23,0
DA:24,0
DA:25,0
DA:28,0
DA:47,0
LF:11
LH:0
BRDA:40,0,0,0
BRDA:40,0,1,0
BRF:2
BRH:0
end_of_record
TN:
SF:app\ai\EmotionalIntelligence.ts
FN:90,(anonymous_0)
FN:126,(anonymous_1)
FN:153,(anonymous_2)
FN:185,(anonymous_3)
FN:214,(anonymous_4)
FN:222,(anonymous_5)
FN:275,(anonymous_6)
FN:331,(anonymous_7)
FN:345,(anonymous_8)
FN:363,(anonymous_9)
FN:381,(anonymous_10)
FNF:11
FNH:0
FNDA:0,(anonymous_0)
FNDA:0,(anonymous_1)
FNDA:0,(anonymous_2)
FNDA:0,(anonymous_3)
FNDA:0,(anonymous_4)
FNDA:0,(anonymous_5)
FNDA:0,(anonymous_6)
FNDA:0,(anonymous_7)
FNDA:0,(anonymous_8)
FNDA:0,(anonymous_9)
FNDA:0,(anonymous_10)
DA:27,0
DA:91,0
DA:92,0
DA:93,0
DA:96,0
DA:97,0
DA:99,0
DA:100,0
DA:103,0
DA:104,0
DA:105,0
DA:106,0
DA:111,0
DA:112,0
DA:113,0
DA:114,0
DA:119,0
DA:121,0
DA:125,0
DA:126,0
DA:128,0
DA:129,0
DA:130,0
DA:132,0
DA:135,0
DA:137,0
DA:148,0
DA:149,0
DA:154,0
DA:157,0
DA:158,0
DA:162,0
DA:163,0
DA:164,0
DA:169,0
DA:170,0
DA:171,0
DA:176,0
DA:177,0
DA:178,0
DA:182,0
DA:186,0
DA:189,0
DA:190,0
DA:193,0
DA:194,0
DA:197,0
DA:198,0
DA:201,0
DA:202,0
DA:203,0
DA:207,0
DA:208,0
DA:211,0
DA:215,0
DA:216,0
DA:219,0
DA:223,0
DA:262,0
DA:265,0
DA:266,0
DA:272,0
DA:277,0
DA:328,0
DA:332,0
DA:346,0
DA:360,0
DA:364,0
DA:378,0
DA:382,0
LF:70
LH:0
BRDA:104,0,0,0
BRDA:104,0,1,0
BRDA:112,1,0,0
BRDA:112,1,1,0
BRDA:157,2,0,0
BRDA:157,2,1,0
BRDA:157,3,0,0
BRDA:157,3,1,0
BRDA:162,4,0,0
BRDA:162,4,1,0
BRDA:162,5,0,0
BRDA:162,5,1,0
BRDA:162,5,2,0
BRDA:163,6,0,0
BRDA:163,6,1,0
BRDA:163,7,0,0
BRDA:163,7,1,0
BRDA:163,7,2,0
BRDA:169,8,0,0
BRDA:169,8,1,0
BRDA:169,9,0,0
BRDA:169,9,1,0
BRDA:169,9,2,0
BRDA:170,10,0,0
BRDA:170,10,1,0
BRDA:170,11,0,0
BRDA:170,11,1,0
BRDA:170,11,2,0
BRDA:176,12,0,0
BRDA:176,12,1,0
BRDA:176,13,0,0
BRDA:176,13,1,0
BRDA:176,13,2,0
BRDA:177,14,0,0
BRDA:177,14,1,0
BRDA:177,15,0,0
BRDA:177,15,1,0
BRDA:189,16,0,0
BRDA:189,16,1,0
BRDA:193,17,0,0
BRDA:193,17,1,0
BRDA:197,18,0,0
BRDA:197,18,1,0
BRDA:202,19,0,0
BRDA:202,19,1,0
BRDA:207,20,0,0
BRDA:207,20,1,0
BRDA:215,21,0,0
BRDA:215,21,1,0
BRDA:262,22,0,0
BRDA:262,22,1,0
BRDA:265,23,0,0
BRDA:265,23,1,0
BRDA:328,24,0,0
BRDA:328,24,1,0
BRDA:360,25,0,0
BRDA:360,25,1,0
BRDA:378,26,0,0
BRDA:378,26,1,0
BRDA:383,27,0,0
BRDA:383,27,1,0
BRDA:383,27,2,0
BRF:62
BRH:0
end_of_record
TN:
SF:app\ai\OpenAIIntegration.ts
FN:39,(anonymous_0)
FN:50,(anonymous_1)
FN:70,(anonymous_2)
FN:143,(anonymous_3)
FN:176,(anonymous_4)
FN:211,(anonymous_5)
FN:215,(anonymous_6)
FN:231,(anonymous_7)
FN:238,(anonymous_8)
FN:242,(anonymous_9)
FN:246,(anonymous_10)
FN:263,(anonymous_11)
FN:277,(anonymous_12)
FN:283,(anonymous_13)
FN:288,(anonymous_14)
FN:295,(anonymous_15)
FN:339,(anonymous_16)
FN:340,(anonymous_17)
FN:348,(anonymous_18)
FN:352,(anonymous_19)
FN:357,(anonymous_20)
FNF:21
FNH:0
FNDA:0,(anonymous_0)
FNDA:0,(anonymous_1)
FNDA:0,(anonymous_2)
FNDA:0,(anonymous_3)
FNDA:0,(anonymous_4)
FNDA:0,(anonymous_5)
FNDA:0,(anonymous_6)
FNDA:0,(anonymous_7)
FNDA:0,(anonymous_8)
FNDA:0,(anonymous_9)
FNDA:0,(anonymous_10)
FNDA:0,(anonymous_11)
FNDA:0,(anonymous_12)
FNDA:0,(anonymous_13)
FNDA:0,(anonymous_14)
FNDA:0,(anonymous_15)
FNDA:0,(anonymous_16)
FNDA:0,(anonymous_17)
FNDA:0,(anonymous_18)
FNDA:0,(anonymous_19)
FNDA:0,(anonymous_20)
DA:30,0
DA:31,0
DA:40,0
DA:52,0
DA:53,0
DA:56,0
DA:57,0
DA:58,0
DA:60,0
DA:62,0
DA:63,0
DA:65,0
DA:71,0
DA:82,0
DA:127,0
DA:136,0
DA:137,0
DA:140,0
DA:144,0
DA:145,0
DA:146,0
DA:148,0
DA:149,0
DA:151,0
DA:164,0
DA:171,0
DA:172,0
DA:178,0
DA:181,0
DA:183,0
DA:184,0
DA:185,0
DA:186,0
DA:187,0
DA:188,0
DA:189,0
DA:190,0
DA:191,0
DA:192,0
DA:193,0
DA:194,0
DA:195,0
DA:196,0
DA:197,0
DA:199,0
DA:200,0
DA:203,0
DA:212,0
DA:216,0
DA:218,0
DA:219,0
DA:220,0
DA:221,0
DA:222,0
DA:223,0
DA:225,0
DA:228,0
DA:234,0
DA:239,0
DA:243,0
DA:247,0
DA:248,0
DA:251,0
DA:252,0
DA:256,0
DA:258,0
DA:259,0
DA:264,0
DA:265,0
DA:269,0
DA:271,0
DA:273,0
DA:278,0
DA:279,0
DA:283,0
DA:285,0
DA:287,0
DA:288,0
DA:296,0
DA:297,0
DA:300,0
DA:302,0
DA:303,0
DA:305,0
DA:311,0
DA:312,0
DA:315,0
DA:317,0
DA:325,0
DA:326,0
DA:329,0
DA:331,0
DA:332,0
DA:340,0
DA:341,0
DA:344,0
DA:349,0
DA:351,0
DA:352,0
DA:353,0
DA:357,0
DA:359,0
DA:360,0
LF:103
LH:0
BRDA:41,0,0,0
BRDA:41,0,1,0
BRDA:52,1,0,0
BRDA:52,1,1,0
BRDA:52,2,0,0
BRDA:52,2,1,0
BRDA:62,3,0,0
BRDA:62,3,1,0
BRDA:136,4,0,0
BRDA:136,4,1,0
BRDA:148,5,0,0
BRDA:148,5,1,0
BRDA:148,6,0,0
BRDA:148,6,1,0
BRDA:152,7,0,0
BRDA:152,7,1,0
BRDA:153,8,0,0
BRDA:153,8,1,0
BRDA:156,9,0,0
BRDA:156,9,1,0
BRDA:165,10,0,0
BRDA:165,10,1,0
BRDA:183,11,0,0
BRDA:183,11,1,0
BRDA:183,12,0,0
BRDA:183,12,1,0
BRDA:186,13,0,0
BRDA:186,13,1,0
BRDA:186,14,0,0
BRDA:186,14,1,0
BRDA:189,15,0,0
BRDA:189,15,1,0
BRDA:189,16,0,0
BRDA:189,16,1,0
BRDA:192,17,0,0
BRDA:192,17,1,0
BRDA:192,18,0,0
BRDA:192,18,1,0
BRDA:195,19,0,0
BRDA:195,19,1,0
BRDA:195,20,0,0
BRDA:195,20,1,0
BRDA:218,21,0,0
BRDA:218,21,1,0
BRDA:218,22,0,0
BRDA:218,22,1,0
BRDA:220,23,0,0
BRDA:220,23,1,0
BRDA:220,24,0,0
BRDA:220,24,1,0
BRDA:222,25,0,0
BRDA:222,25,1,0
BRDA:234,26,0,0
BRDA:234,26,1,0
BRDA:243,27,0,0
BRDA:243,27,1,0
BRDA:247,28,0,0
BRDA:247,28,1,0
BRDA:256,29,0,0
BRDA:256,29,1,0
BRDA:263,30,0,0
BRDA:273,31,0,0
BRDA:273,31,1,0
BRDA:296,32,0,0
BRDA:296,32,1,0
BRDA:302,33,0,0
BRDA:302,33,1,0
BRDA:311,34,0,0
BRDA:311,34,1,0
BRDA:325,35,0,0
BRDA:325,35,1,0
BRDA:349,36,0,0
BRDA:349,36,1,0
BRF:73
BRH:0
end_of_record
TN:
SF:app\ai\SallieBrain.ts
FN:37,(anonymous_0)
FN:42,(anonymous_1)
FN:94,(anonymous_2)
FN:101,(anonymous_3)
FN:102,(anonymous_4)
FN:107,(anonymous_5)
FN:111,(anonymous_6)
FN:126,(anonymous_7)
FN:129,(anonymous_8)
FN:168,(anonymous_9)
FN:190,(anonymous_10)
FN:217,(anonymous_11)
FN:255,(anonymous_12)
FN:286,(anonymous_13)
FN:296,(anonymous_14)
FN:300,(anonymous_15)
FN:304,(anonymous_16)
FN:308,(anonymous_17)
FNF:18
FNH:0
FNDA:0,(anonymous_0)
FNDA:0,(anonymous_1)
FNDA:0,(anonymous_2)
FNDA:0,(anonymous_3)
FNDA:0,(anonymous_4)
FNDA:0,(anonymous_5)
FNDA:0,(anonymous_6)
FNDA:0,(anonymous_7)
FNDA:0,(anonymous_8)
FNDA:0,(anonymous_9)
FNDA:0,(anonymous_10)
FNDA:0,(anonymous_11)
FNDA:0,(anonymous_12)
FNDA:0,(anonymous_13)
FNDA:0,(anonymous_14)
FNDA:0,(anonymous_15)
FNDA:0,(anonymous_16)
FNDA:0,(anonymous_17)
DA:35,0
DA:38,0
DA:39,0
DA:43,0
DA:45,0
DA:46,0
DA:47,0
DA:50,0
DA:53,0
DA:56,0
DA:65,0
DA:68,0
DA:83,0
DA:84,0
DA:87,0
DA:89,0
DA:90,0
DA:95,0
DA:96,0
DA:97,0
DA:100,0
DA:101,0
DA:102,0
DA:106,0
DA:107,0
DA:116,0
DA:119,0
DA:126,0
DA:129,0
DA:140,0
DA:142,0
DA:148,0
DA:154,0
DA:163,0
DA:164,0
DA:169,0
DA:171,0
DA:174,0
DA:177,0
DA:180,0
DA:183,0
DA:186,0
DA:196,0
DA:207,0
DA:208,0
DA:209,0
DA:210,0
DA:211,0
DA:214,0
DA:218,0
DA:221,0
DA:236,0
DA:237,0
DA:252,0
DA:257,0
DA:275,0
DA:276,0
DA:278,0
DA:287,0
DA:297,0
DA:301,0
DA:305,0
LF:62
LH:0
BRDA:83,0,0,0
BRDA:83,0,1,0
BRDA:157,1,0,0
BRDA:157,1,1,0
BRDA:169,2,0,0
BRDA:169,2,1,0
BRDA:169,2,2,0
BRDA:169,2,3,0
BRDA:169,2,4,0
BRDA:169,2,5,0
BRDA:208,3,0,0
BRDA:208,3,1,0
BRDA:208,4,0,0
BRDA:208,4,1,0
BRDA:209,5,0,0
BRDA:209,5,1,0
BRDA:209,6,0,0
BRDA:209,6,1,0
BRDA:210,7,0,0
BRDA:210,7,1,0
BRDA:210,8,0,0
BRDA:210,8,1,0
BRDA:211,9,0,0
BRDA:211,9,1,0
BRDA:211,10,0,0
BRDA:211,10,1,0
BRDA:214,11,0,0
BRDA:214,11,1,0
BRDA:236,12,0,0
BRDA:236,12,1,0
BRDA:236,13,0,0
BRDA:236,13,1,0
BRDA:275,14,0,0
BRDA:275,14,1,0
BRF:34
BRH:0
end_of_record
TN:
SF:app\ai\VoiceInteractionSystem.ts
FN:35,(anonymous_0)
FN:45,(anonymous_1)
FN:73,(anonymous_2)
FN:124,(anonymous_3)
FN:162,(anonymous_4)
FN:186,(anonymous_5)
FN:200,(anonymous_6)
FN:212,(anonymous_7)
FN:233,(anonymous_8)
FN:241,(anonymous_9)
FN:251,(anonymous_10)
FN:268,(anonymous_11)
FN:294,(anonymous_12)
FN:298,(anonymous_13)
FN:303,(anonymous_14)
FN:307,(anonymous_15)
FN:309,(anonymous_16)
FN:332,(anonymous_17)
FN:340,(anonymous_18)
FN:344,(anonymous_19)
FN:355,(anonymous_20)
FN:364,(anonymous_21)
FNF:22
FNH:0
FNDA:0,(anonymous_0)
FNDA:0,(anonymous_1)
FNDA:0,(anonymous_2)
FNDA:0,(anonymous_3)
FNDA:0,(anonymous_4)
FNDA:0,(anonymous_5)
FNDA:0,(anonymous_6)
FNDA:0,(anonymous_7)
FNDA:0,(anonymous_8)
FNDA:0,(anonymous_9)
FNDA:0,(anonymous_10)
FNDA:0,(anonymous_11)
FNDA:0,(anonymous_12)
FNDA:0,(anonymous_13)
FNDA:0,(anonymous_14)
FNDA:0,(anonymous_15)
FNDA:0,(anonymous_16)
FNDA:0,(anonymous_17)
FNDA:0,(anonymous_18)
FNDA:0,(anonymous_19)
FNDA:0,(anonymous_20)
FNDA:0,(anonymous_21)
DA:30,0
DA:31,0
DA:33,0
DA:36,0
DA:46,0
DA:48,0
DA:49,0
DA:50,0
DA:55,0
DA:59,0
DA:66,0
DA:68,0
DA:69,0
DA:74,0
DA:75,0
DA:76,0
DA:77,0
DA:81,0
DA:82,0
DA:83,0
DA:87,0
DA:88,0
DA:110,0
DA:111,0
DA:113,0
DA:114,0
DA:115,0
DA:117,0
DA:118,0
DA:119,0
DA:120,0
DA:125,0
DA:126,0
DA:127,0
DA:128,0
DA:131,0
DA:132,0
DA:133,0
DA:135,0
DA:136,0
DA:138,0
DA:139,0
DA:140,0
DA:143,0
DA:150,0
DA:151,0
DA:153,0
DA:155,0
DA:156,0
DA:157,0
DA:158,0
DA:163,0
DA:172,0
DA:186,0
DA:188,0
DA:192,0
DA:200,0
DA:201,0
DA:202,0
DA:205,0
DA:207,0
DA:208,0
DA:213,0
DA:214,0
DA:222,0
DA:223,0
DA:225,0
DA:227,0
DA:229,0
DA:234,0
DA:235,0
DA:237,0
DA:242,0
DA:243,0
DA:245,0
DA:246,0
DA:253,0
DA:256,0
DA:257,0
DA:258,0
DA:261,0
DA:262,0
DA:265,0
DA:276,0
DA:284,0
DA:286,0
DA:295,0
DA:299,0
DA:304,0
DA:308,0
DA:309,0
DA:310,0
DA:311,0
DA:314,0
DA:317,0
DA:318,0
DA:320,0
DA:324,0
DA:325,0
DA:327,0
DA:328,0
DA:333,0
DA:334,0
DA:336,0
DA:341,0
DA:345,0
DA:346,0
DA:347,0
DA:349,0
DA:350,0
DA:356,0
DA:357,0
DA:359,0
DA:360,0
DA:365,0
DA:393,0
LF:116
LH:0
BRDA:49,0,0,0
BRDA:49,0,1,0
BRDA:75,1,0,0
BRDA:75,1,1,0
BRDA:82,2,0,0
BRDA:82,2,1,0
BRDA:126,3,0,0
BRDA:126,3,1,0
BRDA:126,4,0,0
BRDA:126,4,1,0
BRDA:138,5,0,0
BRDA:138,5,1,0
BRDA:146,6,0,0
BRDA:146,6,1,0
BRDA:201,7,0,0
BRDA:201,7,1,0
BRDA:215,8,0,0
BRDA:215,8,1,0
BRDA:216,9,0,0
BRDA:216,9,1,0
BRDA:217,10,0,0
BRDA:217,10,1,0
BRDA:218,11,0,0
BRDA:218,11,1,0
BRDA:261,12,0,0
BRDA:261,12,1,0
BRDA:310,13,0,0
BRDA:310,13,1,0
BRDA:393,14,0,0
BRDA:393,14,1,0
BRF:30
BRH:0
end_of_record
TN:
SF:app\components\AdvancedVoiceInteraction.tsx
FN:30,AdvancedVoiceInteraction
FN:48,(anonymous_1)
FN:52,(anonymous_2)
FN:64,(anonymous_3)
FN:94,(anonymous_4)
FN:105,(anonymous_5)
FN:110,(anonymous_6)
FN:111,(anonymous_7)
FN:131,(anonymous_8)
FN:135,(anonymous_9)
FN:156,(anonymous_10)
FN:169,(anonymous_11)
FN:178,(anonymous_12)
FN:188,(anonymous_13)
FN:194,(anonymous_14)
FN:207,(anonymous_15)
FN:218,(anonymous_16)
FN:223,(anonymous_17)
FN:238,(anonymous_18)
FN:251,(anonymous_19)
FN:256,(anonymous_20)
FN:270,(anonymous_21)
FN:290,(anonymous_22)
FN:296,(anonymous_23)
FN:314,(anonymous_24)
FN:320,(anonymous_25)
FN:335,(anonymous_26)
FN:350,(anonymous_27)
FN:370,(anonymous_28)
FNF:29
FNH:0
FNDA:0,AdvancedVoiceInteraction
FNDA:0,(anonymous_1)
FNDA:0,(anonymous_2)
FNDA:0,(anonymous_3)
FNDA:0,(anonymous_4)
FNDA:0,(anonymous_5)
FNDA:0,(anonymous_6)
FNDA:0,(anonymous_7)
FNDA:0,(anonymous_8)
FNDA:0,(anonymous_9)
FNDA:0,(anonymous_10)
FNDA:0,(anonymous_11)
FNDA:0,(anonymous_12)
FNDA:0,(anonymous_13)
FNDA:0,(anonymous_14)
FNDA:0,(anonymous_15)
FNDA:0,(anonymous_16)
FNDA:0,(anonymous_17)
FNDA:0,(anonymous_18)
FNDA:0,(anonymous_19)
FNDA:0,(anonymous_20)
FNDA:0,(anonymous_21)
FNDA:0,(anonymous_22)
FNDA:0,(anonymous_23)
FNDA:0,(anonymous_24)
FNDA:0,(anonymous_25)
FNDA:0,(anonymous_26)
FNDA:0,(anonymous_27)
FNDA:0,(anonymous_28)
DA:19,0
DA:36,0
DA:37,0
DA:38,0
DA:40,0
DA:41,0
DA:42,0
DA:43,0
DA:44,0
DA:46,0
DA:47,0
DA:48,0
DA:49,0
DA:50,0
DA:52,0
DA:53,0
DA:54,0
DA:55,0
DA:56,0
DA:57,0
DA:58,0
DA:60,0
DA:64,0
DA:66,0
DA:82,0
DA:91,0
DA:94,0
DA:96,0
DA:105,0
DA:107,0
DA:110,0
DA:111,0
DA:112,0
DA:128,0
DA:131,0
DA:132,0
DA:133,0
DA:134,0
DA:135,0
DA:137,0
DA:156,0
DA:157,0
DA:158,0
DA:164,0
DA:165,0
DA:169,0
DA:170,0
DA:171,0
DA:178,0
DA:179,0
DA:180,0
DA:181,0
DA:182,0
DA:183,0
DA:184,0
DA:188,0
DA:189,0
DA:190,0
DA:194,0
DA:195,0
DA:196,0
DA:197,0
DA:198,0
DA:201,0
DA:202,0
DA:203,0
DA:207,0
DA:208,0
DA:212,0
DA:213,0
DA:214,0
DA:218,0
DA:219,0
DA:220,0
DA:223,0
DA:225,0
DA:226,0
DA:238,0
DA:239,0
DA:247,0
DA:248,0
DA:249,0
DA:251,0
DA:252,0
DA:256,0
DA:257,0
DA:258,0
DA:261,0
DA:262,0
DA:263,0
DA:266,0
DA:271,0
DA:272,0
DA:273,0
DA:278,0
DA:290,0
DA:291,0
DA:292,0
DA:293,0
DA:296,0
DA:297,0
DA:310,0
DA:311,0
DA:314,0
DA:317,0
DA:320,0
DA:321,0
DA:323,0
DA:325,0
DA:327,0
DA:329,0
DA:331,0
DA:335,0
DA:336,0
DA:338,0
DA:340,0
DA:342,0
DA:344,0
DA:346,0
DA:350,0
DA:351,0
DA:353,0
DA:355,0
DA:357,0
DA:359,0
DA:361,0
DA:365,0
DA:371,0
DA:472,0
LF:129
LH:0
BRDA:53,0,0,0
BRDA:53,0,1,0
BRDA:55,1,0,0
BRDA:55,1,1,0
BRDA:57,2,0,0
BRDA:57,2,1,0
BRDA:164,3,0,0
BRDA:164,3,1,0
BRDA:179,4,0,0
BRDA:179,4,1,0
BRDA:181,5,0,0
BRDA:181,5,1,0
BRDA:183,6,0,0
BRDA:183,6,1,0
BRDA:189,7,0,0
BRDA:189,7,1,0
BRDA:202,8,0,0
BRDA:202,8,1,0
BRDA:310,9,0,0
BRDA:310,9,1,0
BRDA:321,10,0,0
BRDA:321,10,1,0
BRDA:321,10,2,0
BRDA:321,10,3,0
BRDA:321,10,4,0
BRDA:336,11,0,0
BRDA:336,11,1,0
BRDA:336,11,2,0
BRDA:336,11,3,0
BRDA:336,11,4,0
BRDA:351,12,0,0
BRDA:351,12,1,0
BRDA:351,12,2,0
BRDA:351,12,3,0
BRDA:351,12,4,0
BRDA:368,13,0,0
BRDA:368,13,1,0
BRDA:368,13,2,0
BRDA:446,14,0,0
BRDA:446,14,1,0
BRDA:458,15,0,0
BRDA:458,15,1,0
BRDA:458,15,2,0
BRF:43
BRH:0
end_of_record
TN:
SF:app\components\AppGrid.tsx
FN:21,AppGrid
FN:25,(anonymous_1)
FN:28,(anonymous_2)
FN:29,(anonymous_3)
FN:50,(anonymous_4)
FN:51,(anonymous_5)
FN:52,(anonymous_6)
FN:53,(anonymous_7)
FN:54,(anonymous_8)
FN:55,(anonymous_9)
FN:56,(anonymous_10)
FN:57,(anonymous_11)
FN:60,(anonymous_12)
FN:65,(anonymous_13)
FN:69,(anonymous_14)
FN:81,(anonymous_15)
FN:84,(anonymous_16)
FN:96,(anonymous_17)
FN:102,(anonymous_18)
FN:122,(anonymous_19)
FN:133,(anonymous_20)
FNF:21
FNH:0
FNDA:0,AppGrid
FNDA:0,(anonymous_1)
FNDA:0,(anonymous_2)
FNDA:0,(anonymous_3)
FNDA:0,(anonymous_4)
FNDA:0,(anonymous_5)
FNDA:0,(anonymous_6)
FNDA:0,(anonymous_7)
FNDA:0,(anonymous_8)
FNDA:0,(anonymous_9)
FNDA:0,(anonymous_10)
FNDA:0,(anonymous_11)
FNDA:0,(anonymous_12)
FNDA:0,(anonymous_13)
FNDA:0,(anonymous_14)
FNDA:0,(anonymous_15)
FNDA:0,(anonymous_16)
FNDA:0,(anonymous_17)
FNDA:0,(anonymous_18)
FNDA:0,(anonymous_19)
FNDA:0,(anonymous_20)
DA:17,0
DA:18,0
DA:19,0
DA:22,0
DA:23,0
DA:24,0
DA:25,0
DA:28,0
DA:29,0
DA:30,0
DA:31,0
DA:32,0
DA:33,0
DA:34,0
DA:35,0
DA:37,0
DA:41,0
DA:45,0
DA:48,0
DA:50,0
DA:51,0
DA:52,0
DA:53,0
DA:54,0
DA:55,0
DA:56,0
DA:57,0
DA:60,0
DA:61,0
DA:62,0
DA:63,0
DA:65,0
DA:69,0
DA:70,0
DA:71,0
DA:72,0
DA:73,0
DA:76,0
DA:77,0
DA:81,0
DA:82,0
DA:84,0
DA:96,0
DA:97,0
DA:102,0
DA:116,0
DA:122,0
DA:133,0
DA:143,0
LF:49
LH:0
BRDA:32,0,0,0
BRDA:32,0,1,0
BRDA:62,1,0,0
BRDA:62,1,1,0
BRDA:72,2,0,0
BRDA:72,2,1,0
BRDA:100,3,0,0
BRDA:100,3,1,0
BRDA:108,4,0,0
BRDA:108,4,1,0
BRF:10
BRH:0
end_of_record
TN:
SF:app\components\ConversationBubble.tsx
FN:19,ConversationBubble
FN:20,(anonymous_1)
FN:41,(anonymous_2)
FN:87,(anonymous_3)
FNF:4
FNH:0
FNDA:0,ConversationBubble
FNDA:0,(anonymous_1)
FNDA:0,(anonymous_2)
FNDA:0,(anonymous_3)
DA:20,0
DA:21,0
DA:23,0
DA:25,0
DA:27,0
DA:29,0
DA:31,0
DA:33,0
DA:35,0
DA:37,0
DA:41,0
DA:42,0
DA:49,0
DA:53,0
DA:87,0
DA:88,0
DA:89,0
DA:90,0
DA:91,0
DA:92,0
DA:93,0
DA:94,0
DA:95,0
DA:96,0
DA:100,0
LF:25
LH:0
BRDA:21,0,0,0
BRDA:21,0,1,0
BRDA:21,0,2,0
BRDA:21,0,3,0
BRDA:21,0,4,0
BRDA:21,0,5,0
BRDA:21,0,6,0
BRDA:21,0,7,0
BRDA:49,1,0,0
BRDA:49,1,1,0
BRDA:54,2,0,0
BRDA:54,2,1,0
BRDA:55,3,0,0
BRDA:55,3,1,0
BRDA:62,4,0,0
BRDA:62,4,1,0
BRDA:71,5,0,0
BRDA:71,5,1,0
BRDA:71,5,2,0
BRDA:77,6,0,0
BRDA:77,6,1,0
BRDA:88,7,0,0
BRDA:88,7,1,0
BRDA:88,7,2,0
BRDA:88,7,3,0
BRDA:88,7,4,0
BRDA:88,7,5,0
BRDA:88,7,6,0
BRDA:88,7,7,0
BRF:29
BRH:0
end_of_record
TN:
SF:app\components\EmotionMeter.tsx
FN:5,EmotionMeter
FN:8,(anonymous_1)
FN:29,(anonymous_2)
FN:50,(anonymous_3)
FNF:4
FNH:0
FNDA:0,EmotionMeter
FNDA:0,(anonymous_1)
FNDA:0,(anonymous_2)
FNDA:0,(anonymous_3)
DA:6,0
DA:8,0
DA:9,0
DA:11,0
DA:13,0
DA:15,0
DA:17,0
DA:19,0
DA:21,0
DA:23,0
DA:25,0
DA:29,0
DA:30,0
DA:32,0
DA:34,0
DA:36,0
DA:38,0
DA:40,0
DA:42,0
DA:44,0
DA:46,0
DA:50,0
DA:51,0
DA:68,0
DA:103,0
LF:25
LH:0
BRDA:9,0,0,0
BRDA:9,0,1,0
BRDA:9,0,2,0
BRDA:9,0,3,0
BRDA:9,0,4,0
BRDA:9,0,5,0
BRDA:9,0,6,0
BRDA:9,0,7,0
BRDA:30,1,0,0
BRDA:30,1,1,0
BRDA:30,1,2,0
BRDA:30,1,3,0
BRDA:30,1,4,0
BRDA:30,1,5,0
BRDA:30,1,6,0
BRDA:30,1,7,0
BRF:16
BRH:0
end_of_record
TN:
SF:app\components\EnhancedSallieAvatar.tsx
FN:26,EnhancedSallieAvatar
FN:43,(anonymous_1)
FN:79,(anonymous_2)
FN:102,(anonymous_3)
FN:125,(anonymous_4)
FN:144,(anonymous_5)
FN:150,(anonymous_6)
FNF:7
FNH:0
FNDA:0,EnhancedSallieAvatar
FNDA:0,(anonymous_1)
FNDA:0,(anonymous_2)
FNDA:0,(anonymous_3)
FNDA:0,(anonymous_4)
FNDA:0,(anonymous_5)
FNDA:0,(anonymous_6)
DA:14,0
DA:35,0
DA:36,0
DA:38,0
DA:39,0
DA:40,0
DA:41,0
DA:43,0
DA:44,0
DA:46,0
DA:62,0
DA:79,0
DA:80,0
DA:82,0
DA:84,0
DA:86,0
DA:88,0
DA:90,0
DA:92,0
DA:94,0
DA:96,0
DA:98,0
DA:102,0
DA:103,0
DA:105,0
DA:107,0
DA:109,0
DA:111,0
DA:113,0
DA:115,0
DA:117,0
DA:119,0
DA:121,0
DA:125,0
DA:126,0
DA:127,0
DA:140,0
DA:144,0
DA:145,0
DA:146,0
DA:151,0
DA:158,0
DA:162,0
DA:163,0
DA:166,0
DA:240,0
DA:241,0
DA:253,0
DA:256,0
LF:49
LH:0
BRDA:27,0,0,0
BRDA:28,1,0,0
BRDA:29,2,0,0
BRDA:30,3,0,0
BRDA:31,4,0,0
BRDA:44,5,0,0
BRDA:44,5,1,0
BRDA:82,6,0,0
BRDA:82,6,1,0
BRDA:82,6,2,0
BRDA:82,6,3,0
BRDA:82,6,4,0
BRDA:82,6,5,0
BRDA:82,6,6,0
BRDA:82,6,7,0
BRDA:103,7,0,0
BRDA:103,7,1,0
BRDA:105,8,0,0
BRDA:105,8,1,0
BRDA:105,8,2,0
BRDA:105,8,3,0
BRDA:105,8,4,0
BRDA:105,8,5,0
BRDA:105,8,6,0
BRDA:105,8,7,0
BRDA:109,9,0,0
BRDA:109,9,1,0
BRDA:111,10,0,0
BRDA:111,10,1,0
BRDA:115,11,0,0
BRDA:115,11,1,0
BRDA:117,12,0,0
BRDA:117,12,1,0
BRDA:119,13,0,0
BRDA:119,13,1,0
BRDA:126,14,0,0
BRDA:126,14,1,0
BRDA:126,15,0,0
BRDA:126,15,1,0
BRDA:145,16,0,0
BRDA:145,16,1,0
BRDA:145,17,0,0
BRDA:145,17,1,0
BRDA:173,18,0,0
BRDA:173,18,1,0
BRDA:179,19,0,0
BRDA:179,19,1,0
BRDA:240,20,0,0
BRDA:240,20,1,0
BRF:49
BRH:0
end_of_record
TN:
SF:app\components\EnhancedSallieOverlay.tsx
FN:25,EnhancedSallieOverlay
FN:45,(anonymous_1)
FN:46,(anonymous_2)
FN:56,(anonymous_3)
FN:63,(anonymous_4)
FN:99,(anonymous_5)
FN:119,(anonymous_6)
FN:133,(anonymous_7)
FN:152,(anonymous_8)
FN:158,(anonymous_9)
FN:175,(anonymous_10)
FN:183,(anonymous_11)
FN:200,(anonymous_12)
FN:207,(anonymous_13)
FN:306,(anonymous_14)
FN:316,(anonymous_15)
FN:326,(anonymous_16)
FNF:17
FNH:0
FNDA:0,EnhancedSallieOverlay
FNDA:0,(anonymous_1)
FNDA:0,(anonymous_2)
FNDA:0,(anonymous_3)
FNDA:0,(anonymous_4)
FNDA:0,(anonymous_5)
FNDA:0,(anonymous_6)
FNDA:0,(anonymous_7)
FNDA:0,(anonymous_8)
FNDA:0,(anonymous_9)
FNDA:0,(anonymous_10)
FNDA:0,(anonymous_11)
FNDA:0,(anonymous_12)
FNDA:0,(anonymous_13)
FNDA:0,(anonymous_14)
FNDA:0,(anonymous_15)
FNDA:0,(anonymous_16)
DA:18,0
DA:26,0
DA:27,0
DA:28,0
DA:29,0
DA:31,0
DA:32,0
DA:33,0
DA:34,0
DA:36,0
DA:37,0
DA:38,0
DA:39,0
DA:40,0
DA:43,0
DA:45,0
DA:47,0
DA:48,0
DA:49,0
DA:57,0
DA:58,0
DA:60,0
DA:61,0
DA:64,0
DA:66,0
DA:67,0
DA:70,0
DA:72,0
DA:74,0
DA:75,0
DA:99,0
DA:100,0
DA:102,0
DA:119,0
DA:120,0
DA:122,0
DA:124,0
DA:125,0
DA:128,0
DA:129,0
DA:133,0
DA:134,0
DA:137,0
DA:138,0
DA:140,0
DA:152,0
DA:153,0
DA:154,0
DA:158,0
DA:159,0
DA:161,0
DA:175,0
DA:176,0
DA:177,0
DA:178,0
DA:183,0
DA:184,0
DA:186,0
DA:200,0
DA:201,0
DA:202,0
DA:203,0
DA:204,0
DA:207,0
DA:208,0
DA:209,0
DA:210,0
DA:213,0
DA:307,0
DA:308,0
DA:318,0
DA:327,0
DA:328,0
DA:339,0
LF:74
LH:0
BRDA:48,0,0,0
BRDA:48,0,1,0
BRDA:70,1,0,0
BRDA:70,1,1,0
BRDA:74,2,0,0
BRDA:74,2,1,0
BRDA:100,3,0,0
BRDA:100,3,1,0
BRDA:100,4,0,0
BRDA:100,4,1,0
BRDA:120,5,0,0
BRDA:120,5,1,0
BRDA:122,6,0,0
BRDA:122,6,1,0
BRDA:134,7,0,0
BRDA:134,7,1,0
BRDA:159,8,0,0
BRDA:159,8,1,0
BRDA:176,9,0,0
BRDA:176,9,1,0
BRDA:184,10,0,0
BRDA:184,10,1,0
BRDA:201,11,0,0
BRDA:201,11,1,0
BRDA:202,12,0,0
BRDA:202,12,1,0
BRDA:203,13,0,0
BRDA:203,13,1,0
BRDA:208,14,0,0
BRDA:208,14,1,0
BRDA:209,15,0,0
BRDA:209,15,1,0
BRDA:221,16,0,0
BRDA:221,16,1,0
BRDA:222,17,0,0
BRDA:222,17,1,0
BRDA:222,18,0,0
BRDA:222,18,1,0
BRDA:230,19,0,0
BRDA:230,19,1,0
BRDA:230,19,2,0
BRDA:238,20,0,0
BRDA:238,20,1,0
BRDA:262,21,0,0
BRDA:262,21,1,0
BRDA:279,22,0,0
BRDA:279,22,1,0
BRDA:288,23,0,0
BRDA:288,23,1,0
BRDA:288,23,2,0
BRDA:288,23,3,0
BRDA:302,24,0,0
BRDA:302,24,1,0
BRDA:302,24,2,0
BRF:54
BRH:0
end_of_record
TN:
SF:app\components\MemoryCard.tsx
FN:12,MemoryCard
FN:13,(anonymous_1)
FN:23,(anonymous_2)
FN:36,(anonymous_3)
FN:43,(anonymous_4)
FN:58,(anonymous_5)
FN:98,(anonymous_6)
FNF:7
FNH:0
FNDA:0,MemoryCard
FNDA:0,(anonymous_1)
FNDA:0,(anonymous_2)
FNDA:0,(anonymous_3)
FNDA:0,(anonymous_4)
FNDA:0,(anonymous_5)
FNDA:0,(anonymous_6)
DA:13,0
DA:14,0
DA:15,0
DA:16,0
DA:17,0
DA:18,0
DA:19,0
DA:23,0
DA:24,0
DA:25,0
DA:26,0
DA:27,0
DA:28,0
DA:29,0
DA:30,0
DA:31,0
DA:32,0
DA:36,0
DA:37,0
DA:38,0
DA:39,0
DA:40,0
DA:43,0
DA:44,0
DA:45,0
DA:46,0
DA:47,0
DA:48,0
DA:50,0
DA:51,0
DA:52,0
DA:53,0
DA:55,0
DA:58,0
DA:59,0
DA:60,0
DA:63,0
DA:99,0
DA:140,0
LF:39
LH:0
BRDA:14,0,0,0
BRDA:14,0,1,0
BRDA:14,0,2,0
BRDA:14,0,3,0
BRDA:14,0,4,0
BRDA:24,1,0,0
BRDA:24,1,1,0
BRDA:24,1,2,0
BRDA:24,1,3,0
BRDA:24,1,4,0
BRDA:24,1,5,0
BRDA:24,1,6,0
BRDA:24,1,7,0
BRDA:37,2,0,0
BRDA:37,2,1,0
BRDA:38,3,0,0
BRDA:38,3,1,0
BRDA:39,4,0,0
BRDA:39,4,1,0
BRDA:50,5,0,0
BRDA:50,5,1,0
BRDA:51,6,0,0
BRDA:51,6,1,0
BRDA:52,7,0,0
BRDA:52,7,1,0
BRDA:53,8,0,0
BRDA:53,8,1,0
BRDA:58,9,0,0
BRDA:59,10,0,0
BRDA:59,10,1,0
BRDA:96,11,0,0
BRDA:96,11,1,0
BRDA:103,12,0,0
BRDA:103,12,1,0
BRF:34
BRH:0
end_of_record
TN:
SF:app\components\MemoryStats.tsx
FN:7,MemoryStats
FN:13,(anonymous_1)
FN:17,(anonymous_2)
FN:21,(anonymous_3)
FN:25,(anonymous_4)
FN:31,(anonymous_5)
FN:98,(anonymous_6)
FN:120,(anonymous_7)
FN:135,(anonymous_8)
FNF:9
FNH:0
FNDA:0,MemoryStats
FNDA:0,(anonymous_1)
FNDA:0,(anonymous_2)
FNDA:0,(anonymous_3)
FNDA:0,(anonymous_4)
FNDA:0,(anonymous_5)
FNDA:0,(anonymous_6)
FNDA:0,(anonymous_7)
FNDA:0,(anonymous_8)
DA:8,0
DA:9,0
DA:11,0
DA:13,0
DA:14,0
DA:17,0
DA:18,0
DA:19,0
DA:21,0
DA:22,0
DA:25,0
DA:27,0
DA:28,0
DA:30,0
DA:31,0
DA:33,0
DA:36,0
DA:67,0
DA:94,0
DA:99,0
DA:121,0
DA:136,0
DA:180,0
LF:23
LH:0
BRDA:14,0,0,0
BRDA:14,0,1,0
BRDA:19,1,0,0
BRDA:19,1,1,0
BRDA:126,2,0,0
BRDA:126,2,1,0
BRF:6
BRH:0
end_of_record
TN:
SF:app\components\QuickActions.tsx
FN:13,QuickActions
FN:21,(anonymous_1)
FN:28,(anonymous_2)
FN:35,(anonymous_3)
FN:42,(anonymous_4)
FN:49,(anonymous_5)
FN:56,(anonymous_6)
FN:63,(anonymous_7)
FN:70,(anonymous_8)
FN:75,(anonymous_9)
FN:87,(anonymous_10)
FN:91,(anonymous_11)
FNF:12
FNH:0
FNDA:0,QuickActions
FNDA:0,(anonymous_1)
FNDA:0,(anonymous_2)
FNDA:0,(anonymous_3)
FNDA:0,(anonymous_4)
FNDA:0,(anonymous_5)
FNDA:0,(anonymous_6)
FNDA:0,(anonymous_7)
FNDA:0,(anonymous_8)
FNDA:0,(anonymous_9)
FNDA:0,(anonymous_10)
FNDA:0,(anonymous_11)
DA:14,0
DA:16,0
DA:21,0
DA:28,0
DA:35,0
DA:42,0
DA:49,0
DA:56,0
DA:63,0
DA:70,0
DA:75,0
DA:76,0
DA:79,0
DA:88,0
DA:91,0
DA:103,0
LF:16
LH:0
BRF:0
BRH:0
end_of_record
TN:
SF:app\components\SallieAvatar.tsx
FN:11,SallieAvatar
FN:12,(anonymous_1)
FN:33,(anonymous_2)
FNF:3
FNH:0
FNDA:0,SallieAvatar
FNDA:0,(anonymous_1)
FNDA:0,(anonymous_2)
DA:12,0
DA:13,0
DA:15,0
DA:17,0
DA:19,0
DA:21,0
DA:23,0
DA:25,0
DA:27,0
DA:29,0
DA:33,0
DA:34,0
DA:36,0
DA:38,0
DA:40,0
DA:42,0
DA:44,0
DA:46,0
DA:48,0
DA:50,0
DA:54,0
DA:55,0
DA:57,0
DA:88,0
LF:24
LH:0
BRDA:11,0,0,0
BRDA:13,1,0,0
BRDA:13,1,1,0
BRDA:13,1,2,0
BRDA:13,1,3,0
BRDA:13,1,4,0
BRDA:13,1,5,0
BRDA:13,1,6,0
BRDA:13,1,7,0
BRDA:34,2,0,0
BRDA:34,2,1,0
BRDA:34,2,2,0
BRDA:34,2,3,0
BRDA:34,2,4,0
BRDA:34,2,5,0
BRDA:34,2,6,0
BRDA:34,2,7,0
BRF:17
BRH:0
end_of_record
TN:
SF:app\components\SallieOverlay.tsx
FN:18,SallieOverlay
FN:30,(anonymous_1)
FN:42,(anonymous_2)
FN:57,(anonymous_3)
FN:63,(anonymous_4)
FN:78,(anonymous_5)
FN:93,(anonymous_6)
FN:101,(anonymous_7)
FN:114,(anonymous_8)
FNF:9
FNH:0
FNDA:0,SallieOverlay
FNDA:0,(anonymous_1)
FNDA:0,(anonymous_2)
FNDA:0,(anonymous_3)
FNDA:0,(anonymous_4)
FNDA:0,(anonymous_5)
FNDA:0,(anonymous_6)
FNDA:0,(anonymous_7)
FNDA:0,(anonymous_8)
DA:16,0
DA:19,0
DA:20,0
DA:21,0
DA:23,0
DA:24,0
DA:26,0
DA:27,0
DA:28,0
DA:30,0
DA:31,0
DA:33,0
DA:34,0
DA:37,0
DA:38,0
DA:42,0
DA:44,0
DA:45,0
DA:57,0
DA:58,0
DA:59,0
DA:63,0
DA:64,0
DA:78,0
DA:79,0
DA:93,0
DA:94,0
DA:95,0
DA:97,0
DA:101,0
DA:102,0
DA:103,0
DA:104,0
DA:105,0
DA:106,0
DA:107,0
DA:108,0
DA:109,0
DA:110,0
DA:114,0
DA:115,0
DA:116,0
DA:117,0
DA:120,0
DA:157,0
LF:45
LH:0
BRDA:31,0,0,0
BRDA:31,0,1,0
BRDA:94,1,0,0
BRDA:94,1,1,0
BRDA:102,2,0,0
BRDA:102,2,1,0
BRDA:102,2,2,0
BRDA:102,2,3,0
BRDA:102,2,4,0
BRDA:102,2,5,0
BRDA:102,2,6,0
BRDA:102,2,7,0
BRDA:115,3,0,0
BRDA:115,3,1,0
BRDA:116,4,0,0
BRDA:116,4,1,0
BRDA:134,5,0,0
BRDA:134,5,1,0
BRDA:135,6,0,0
BRDA:135,6,1,0
BRDA:142,7,0,0
BRDA:142,7,1,0
BRDA:145,8,0,0
BRDA:145,8,1,0
BRF:24
BRH:0
end_of_record
TN:
SF:app\components\SettingsItem.tsx
FN:29,SettingsItem
FN:42,(anonymous_1)
FN:50,(anonymous_2)
FN:57,(anonymous_3)
FN:131,(anonymous_4)
FN:137,(anonymous_5)
FN:144,(anonymous_6)
FN:145,(anonymous_7)
FN:151,(anonymous_8)
FNF:9
FNH:0
FNDA:0,SettingsItem
FNDA:0,(anonymous_1)
FNDA:0,(anonymous_2)
FNDA:0,(anonymous_3)
FNDA:0,(anonymous_4)
FNDA:0,(anonymous_5)
FNDA:0,(anonymous_6)
FNDA:0,(anonymous_7)
FNDA:0,(anonymous_8)
DA:40,0
DA:42,0
DA:43,0
DA:44,0
DA:45,0
DA:46,0
DA:50,0
DA:51,0
DA:52,0
DA:54,0
DA:57,0
DA:58,0
DA:60,0
DA:72,0
DA:82,0
DA:85,0
DA:89,0
DA:91,0
DA:131,0
DA:137,0
DA:144,0
DA:146,0
DA:151,0
DA:173,0
LF:24
LH:0
BRDA:37,0,0,0
BRDA:38,1,0,0
BRDA:43,2,0,0
BRDA:43,2,1,0
BRDA:43,3,0,0
BRDA:43,3,1,0
BRDA:45,4,0,0
BRDA:45,4,1,0
BRDA:51,5,0,0
BRDA:51,5,1,0
BRDA:58,6,0,0
BRDA:58,6,1,0
BRDA:58,6,2,0
BRDA:58,6,3,0
BRDA:58,6,4,0
BRDA:65,7,0,0
BRDA:65,7,1,0
BRDA:74,8,0,0
BRDA:74,8,1,0
BRDA:74,8,2,0
BRDA:89,9,0,0
BRDA:89,9,1,0
BRDA:96,10,0,0
BRDA:96,10,1,0
BRDA:98,11,0,0
BRDA:98,11,1,0
BRDA:99,12,0,0
BRDA:99,12,1,0
BRDA:100,13,0,0
BRDA:100,13,1,0
BRDA:105,14,0,0
BRDA:105,14,1,0
BRDA:106,15,0,0
BRDA:106,15,1,0
BRDA:110,16,0,0
BRDA:110,16,1,0
BRDA:113,17,0,0
BRDA:113,17,1,0
BRDA:126,18,0,0
BRDA:126,18,1,0
BRDA:126,18,2,0
BRDA:149,19,0,0
BRDA:149,19,1,0
BRDA:155,20,0,0
BRDA:155,20,1,0
BRDA:159,21,0,0
BRDA:159,21,1,0
BRF:47
BRH:0
end_of_record
TN:
SF:app\components\SettingsSection.tsx
FN:10,SettingsSection
FNF:1
FNH:0
FNDA:0,SettingsSection
DA:11,0
DA:24,0
LF:2
LH:0
BRF:0
BRH:0
end_of_record
TN:
SF:app\components\VoiceButton.tsx
FN:10,VoiceButton
FN:14,(anonymous_1)
FN:42,(anonymous_2)
FN:50,(anonymous_3)
FNF:4
FNH:0
FNDA:0,VoiceButton
FNDA:0,(anonymous_1)
FNDA:0,(anonymous_2)
FNDA:0,(anonymous_3)
DA:11,0
DA:12,0
DA:14,0
DA:15,0
DA:17,0
DA:33,0
DA:34,0
DA:42,0
DA:43,0
DA:50,0
DA:51,0
DA:58,0
DA:88,0
LF:13
LH:0
BRDA:10,0,0,0
BRDA:15,1,0,0
BRDA:15,1,1,0
BRDA:72,2,0,0
BRDA:72,2,1,0
BRDA:81,3,0,0
BRDA:81,3,1,0
BRF:7
BRH:0
end_of_record
TN:
SF:app\core\personaCore.ts
FNF:0
FNH:0
LF:0
LH:0
BRF:0
BRH:0
end_of_record
TN:
SF:app\core\actions\index.ts
FNF:0
FNH:0
LF:0
LH:0
BRF:0
BRH:0
end_of_record
TN:
SF:app\providers\graphics\LocalCuratedProvider.ts
FNF:0
FNH:0
LF:0
LH:0
BRF:0
BRH:0
end_of_record
TN:
SF:app\providers\graphics\RemoteGenerationProvider.ts
FNF:0
FNH:0
LF:0
LH:0
BRF:0
BRH:0
end_of_record
TN:
SF:app\providers\graphics\index.ts
FNF:0
FNH:0
LF:0
LH:0
BRF:0
BRH:0
end_of_record
TN:
SF:app\screens\DataManagementScreen.tsx
FN:12,DataManagementScreen
FN:15,(anonymous_1)
FN:20,(anonymous_2)
FNF:3
FNH:0
FNDA:0,DataManagementScreen
FNDA:0,(anonymous_1)
FNDA:0,(anonymous_2)
DA:13,0
DA:15,0
DA:16,0
DA:20,0
DA:21,0
DA:25,0
DA:41,0
LF:7
LH:0
BRDA:28,0,0,0
BRDA:28,0,1,0
BRF:2
BRH:0
end_of_record
TN:
SF:app\screens\DebugConsoleScreen.tsx
FN:25,DebugConsoleScreen
FN:65,(anonymous_1)
FN:69,(anonymous_2)
FN:70,(anonymous_3)
FN:75,(anonymous_4)
FN:83,(anonymous_5)
FN:86,(anonymous_6)
FN:91,(anonymous_7)
FN:148,(anonymous_8)
FN:164,(anonymous_9)
FN:169,(anonymous_10)
FN:193,(anonymous_11)
FN:207,(anonymous_12)
FN:224,(anonymous_13)
FN:239,(anonymous_14)
FN:250,(anonymous_15)
FN:280,(anonymous_16)
FN:314,(anonymous_17)
FN:318,(anonymous_18)
FN:328,(anonymous_19)
FN:337,(anonymous_20)
FN:341,(anonymous_21)
FN:353,(anonymous_22)
FN:376,(anonymous_23)
FN:384,(anonymous_24)
FNF:25
FNH:0
FNDA:0,DebugConsoleScreen
FNDA:0,(anonymous_1)
FNDA:0,(anonymous_2)
FNDA:0,(anonymous_3)
FNDA:0,(anonymous_4)
FNDA:0,(anonymous_5)
FNDA:0,(anonymous_6)
FNDA:0,(anonymous_7)
FNDA:0,(anonymous_8)
FNDA:0,(anonymous_9)
FNDA:0,(anonymous_10)
FNDA:0,(anonymous_11)
FNDA:0,(anonymous_12)
FNDA:0,(anonymous_13)
FNDA:0,(anonymous_14)
FNDA:0,(anonymous_15)
FNDA:0,(anonymous_16)
FNDA:0,(anonymous_17)
FNDA:0,(anonymous_18)
FNDA:0,(anonymous_19)
FNDA:0,(anonymous_20)
FNDA:0,(anonymous_21)
FNDA:0,(anonymous_22)
FNDA:0,(anonymous_23)
FNDA:0,(anonymous_24)
DA:26,0
DA:27,0
DA:28,0
DA:29,0
DA:31,0
DA:59,0
DA:60,0
DA:61,0
DA:63,0
DA:65,0
DA:66,0
DA:69,0
DA:70,0
DA:71,0
DA:75,0
DA:76,0
DA:83,0
DA:86,0
DA:87,0
DA:88,0
DA:91,0
DA:92,0
DA:95,0
DA:98,0
DA:100,0
DA:101,0
DA:103,0
DA:104,0
DA:107,0
DA:108,0
DA:111,0
DA:112,0
DA:115,0
DA:116,0
DA:119,0
DA:120,0
DA:123,0
DA:124,0
DA:127,0
DA:128,0
DA:131,0
DA:132,0
DA:135,0
DA:136,0
DA:139,0
DA:142,0
DA:145,0
DA:148,0
DA:149,0
DA:161,0
DA:164,0
DA:165,0
DA:166,0
DA:169,0
DA:170,0
DA:190,0
DA:193,0
DA:194,0
DA:195,0
DA:196,0
DA:199,0
DA:200,0
DA:201,0
DA:203,0
DA:207,0
DA:208,0
DA:209,0
DA:215,0
DA:216,0
DA:219,0
DA:220,0
DA:221,0
DA:224,0
DA:225,0
DA:226,0
DA:233,0
DA:235,0
DA:239,0
DA:240,0
DA:247,0
DA:250,0
DA:251,0
DA:253,0
DA:255,0
DA:265,0
DA:266,0
DA:269,0
DA:270,0
DA:271,0
DA:272,0
DA:273,0
DA:276,0
DA:280,0
DA:281,0
DA:284,0
DA:285,0
DA:286,0
DA:287,0
DA:290,0
DA:291,0
DA:301,0
DA:304,0
DA:306,0
DA:312,0
DA:314,0
DA:315,0
DA:318,0
DA:319,0
DA:320,0
DA:321,0
DA:322,0
DA:323,0
DA:324,0
DA:328,0
DA:329,0
DA:330,0
DA:333,0
DA:337,0
DA:341,0
DA:354,0
DA:376,0
DA:384,0
DA:393,0
LF:123
LH:0
BRDA:88,0,0,0
BRDA:88,0,1,0
BRDA:101,1,0,0
BRDA:101,1,1,0
BRDA:101,1,2,0
BRDA:101,1,3,0
BRDA:101,1,4,0
BRDA:101,1,5,0
BRDA:101,1,6,0
BRDA:101,1,7,0
BRDA:101,1,8,0
BRDA:101,1,9,0
BRDA:194,2,0,0
BRDA:194,2,1,0
BRDA:199,3,0,0
BRDA:199,3,1,0
BRDA:199,4,0,0
BRDA:199,4,1,0
BRDA:200,5,0,0
BRDA:200,5,1,0
BRDA:208,6,0,0
BRDA:208,6,1,0
BRDA:225,7,0,0
BRDA:225,7,1,0
BRDA:241,8,0,0
BRDA:241,8,1,0
BRDA:242,9,0,0
BRDA:242,9,1,0
BRDA:243,10,0,0
BRDA:243,10,1,0
BRDA:244,11,0,0
BRDA:244,11,1,0
BRDA:253,12,0,0
BRDA:253,12,1,0
BRDA:253,12,2,0
BRDA:307,13,0,0
BRDA:307,13,1,0
BRDA:308,14,0,0
BRDA:308,14,1,0
BRDA:309,15,0,0
BRDA:309,15,1,0
BRDA:315,16,0,0
BRDA:315,16,1,0
BRDA:315,17,0,0
BRDA:315,17,1,0
BRDA:319,18,0,0
BRDA:319,18,1,0
BRDA:319,18,2,0
BRDA:319,18,3,0
BRDA:319,18,4,0
BRDA:329,19,0,0
BRDA:329,19,1,0
BRDA:362,20,0,0
BRDA:362,20,1,0
BRF:54
BRH:0
end_of_record
TN:
SF:app\screens\HomeLauncherScreen.tsx
FN:27,HomeLauncherScreen
FN:39,(anonymous_1)
FN:40,(anonymous_2)
FN:44,(anonymous_3)
FN:47,(anonymous_4)
FN:58,(anonymous_5)
FN:68,(anonymous_6)
FN:72,(anonymous_7)
FN:76,(anonymous_8)
FN:81,(anonymous_9)
FN:85,(anonymous_10)
FN:89,(anonymous_11)
FN:93,(anonymous_12)
FN:203,(anonymous_13)
FNF:14
FNH:0
FNDA:0,HomeLauncherScreen
FNDA:0,(anonymous_1)
FNDA:0,(anonymous_2)
FNDA:0,(anonymous_3)
FNDA:0,(anonymous_4)
FNDA:0,(anonymous_5)
FNDA:0,(anonymous_6)
FNDA:0,(anonymous_7)
FNDA:0,(anonymous_8)
FNDA:0,(anonymous_9)
FNDA:0,(anonymous_10)
FNDA:0,(anonymous_11)
FNDA:0,(anonymous_12)
FNDA:0,(anonymous_13)
DA:25,0
DA:28,0
DA:29,0
DA:30,0
DA:31,0
DA:32,0
DA:34,0
DA:35,0
DA:36,0
DA:37,0
DA:39,0
DA:40,0
DA:41,0
DA:44,0
DA:47,0
DA:48,0
DA:49,0
DA:50,0
DA:51,0
DA:52,0
DA:54,0
DA:58,0
DA:59,0
DA:60,0
DA:68,0
DA:69,0
DA:72,0
DA:73,0
DA:76,0
DA:78,0
DA:81,0
DA:82,0
DA:85,0
DA:86,0
DA:89,0
DA:90,0
DA:93,0
DA:94,0
DA:97,0
DA:204,0
DA:232,0
LF:41
LH:0
BRDA:49,0,0,0
BRDA:49,0,1,0
BRDA:51,1,0,0
BRDA:51,1,1,0
BRDA:59,2,0,0
BRDA:59,2,1,0
BRDA:162,3,0,0
BRDA:162,3,1,0
BRF:8
BRH:0
end_of_record
TN:
SF:app\screens\MemoriesScreen.tsx
FN:20,MemoriesScreen
FN:38,(anonymous_1)
FN:42,(anonymous_2)
FN:68,(anonymous_3)
FN:72,(anonymous_4)
FN:76,(anonymous_5)
FN:85,(anonymous_6)
FN:99,(anonymous_7)
FN:106,(anonymous_8)
FN:119,(anonymous_9)
FN:122,(anonymous_10)
FN:123,(anonymous_11)
FN:154,(anonymous_12)
FN:178,(anonymous_13)
FN:199,(anonymous_14)
FNF:15
FNH:0
FNDA:0,MemoriesScreen
FNDA:0,(anonymous_1)
FNDA:0,(anonymous_2)
FNDA:0,(anonymous_3)
FNDA:0,(anonymous_4)
FNDA:0,(anonymous_5)
FNDA:0,(anonymous_6)
FNDA:0,(anonymous_7)
FNDA:0,(anonymous_8)
FNDA:0,(anonymous_9)
FNDA:0,(anonymous_10)
FNDA:0,(anonymous_11)
FNDA:0,(anonymous_12)
FNDA:0,(anonymous_13)
FNDA:0,(anonymous_14)
DA:29,0
DA:31,0
DA:33,0
DA:34,0
DA:35,0
DA:36,0
DA:38,0
DA:39,0
DA:42,0
DA:43,0
DA:45,0
DA:47,0
DA:48,0
DA:50,0
DA:51,0
DA:53,0
DA:54,0
DA:56,0
DA:57,0
DA:59,0
DA:60,0
DA:63,0
DA:64,0
DA:68,0
DA:69,0
DA:72,0
DA:73,0
DA:76,0
DA:77,0
DA:85,0
DA:91,0
DA:99,0
DA:100,0
DA:106,0
DA:119,0
DA:120,0
DA:122,0
DA:123,0
DA:127,0
DA:154,0
DA:178,0
DA:199,0
DA:245,0
LF:43
LH:0
BRDA:45,0,0,0
BRDA:45,0,1,0
BRDA:45,0,2,0
BRDA:45,0,3,0
BRDA:45,0,4,0
BRDA:63,1,0,0
BRDA:63,1,1,0
BRDA:104,2,0,0
BRDA:104,2,1,0
BRDA:111,3,0,0
BRDA:111,3,1,0
BRDA:153,4,0,0
BRDA:153,4,1,0
BRDA:174,5,0,0
BRDA:174,5,1,0
BRDA:187,6,0,0
BRDA:187,6,1,0
BRDA:194,7,0,0
BRDA:194,7,1,0
BRF:19
BRH:0
end_of_record
TN:
SF:app\screens\NotificationSettingsScreen.tsx
FNF:0
FNH:0
LF:0
LH:0
BRF:0
BRH:0
end_of_record
TN:
SF:app\screens\OnboardingScreen.tsx
FNF:0
FNH:0
LF:0
LH:0
BRF:0
BRH:0
end_of_record
TN:
SF:app\screens\ProfileScreen.tsx
FN:12,ProfileScreen
FN:15,(anonymous_1)
FN:20,(anonymous_2)
FNF:3
FNH:0
FNDA:0,ProfileScreen
FNDA:0,(anonymous_1)
FNDA:0,(anonymous_2)
DA:13,0
DA:15,0
DA:16,0
DA:20,0
DA:21,0
DA:25,0
DA:41,0
LF:7
LH:0
BRDA:28,0,0,0
BRDA:28,0,1,0
BRF:2
BRH:0
end_of_record
TN:
SF:app\screens\SalliePanelScreen.tsx
FN:33,SalliePanelScreen
FN:39,(anonymous_1)
FN:59,(anonymous_2)
FN:67,(anonymous_3)
FN:71,(anonymous_4)
FN:72,(anonymous_5)
FN:77,(anonymous_6)
FN:88,(anonymous_7)
FN:105,(anonymous_8)
FN:117,(anonymous_9)
FN:123,(anonymous_10)
FN:151,(anonymous_11)
FN:158,(anonymous_12)
FN:204,(anonymous_13)
FN:212,(anonymous_14)
FN:217,(anonymous_15)
FN:226,(anonymous_16)
FN:250,(anonymous_17)
FN:280,(anonymous_18)
FNF:19
FNH:0
FNDA:0,SalliePanelScreen
FNDA:0,(anonymous_1)
FNDA:0,(anonymous_2)
FNDA:0,(anonymous_3)
FNDA:0,(anonymous_4)
FNDA:0,(anonymous_5)
FNDA:0,(anonymous_6)
FNDA:0,(anonymous_7)
FNDA:0,(anonymous_8)
FNDA:0,(anonymous_9)
FNDA:0,(anonymous_10)
FNDA:0,(anonymous_11)
FNDA:0,(anonymous_12)
FNDA:0,(anonymous_13)
FNDA:0,(anonymous_14)
FNDA:0,(anonymous_15)
FNDA:0,(anonymous_16)
FNDA:0,(anonymous_17)
FNDA:0,(anonymous_18)
DA:34,0
DA:35,0
DA:36,0
DA:37,0
DA:39,0
DA:41,0
DA:52,0
DA:53,0
DA:54,0
DA:56,0
DA:57,0
DA:59,0
DA:60,0
DA:67,0
DA:68,0
DA:71,0
DA:72,0
DA:73,0
DA:77,0
DA:78,0
DA:80,0
DA:88,0
DA:89,0
DA:90,0
DA:93,0
DA:105,0
DA:106,0
DA:107,0
DA:108,0
DA:117,0
DA:118,0
DA:119,0
DA:122,0
DA:123,0
DA:124,0
DA:125,0
DA:139,0
DA:141,0
DA:142,0
DA:151,0
DA:152,0
DA:153,0
DA:158,0
DA:159,0
DA:162,0
DA:163,0
DA:169,0
DA:170,0
DA:176,0
DA:177,0
DA:183,0
DA:184,0
DA:190,0
DA:191,0
DA:198,0
DA:204,0
DA:205,0
DA:207,0
DA:209,0
DA:212,0
DA:217,0
DA:218,0
DA:227,0
DA:228,0
DA:244,0
DA:250,0
DA:281,0
DA:336,0
LF:68
LH:0
BRDA:78,0,0,0
BRDA:78,0,1,0
BRDA:122,1,0,0
BRDA:122,1,1,0
BRDA:124,2,0,0
BRDA:124,2,1,0
BRDA:124,3,0,0
BRDA:124,3,1,0
BRDA:126,4,0,0
BRDA:126,4,1,0
BRDA:127,5,0,0
BRDA:127,5,1,0
BRDA:128,6,0,0
BRDA:128,6,1,0
BRDA:129,7,0,0
BRDA:129,7,1,0
BRDA:130,8,0,0
BRDA:130,8,1,0
BRDA:131,9,0,0
BRDA:131,9,1,0
BRDA:132,10,0,0
BRDA:132,10,1,0
BRDA:133,11,0,0
BRDA:133,11,1,0
BRDA:162,12,0,0
BRDA:162,12,1,0
BRDA:162,13,0,0
BRDA:162,13,1,0
BRDA:169,14,0,0
BRDA:169,14,1,0
BRDA:169,15,0,0
BRDA:169,15,1,0
BRDA:176,16,0,0
BRDA:176,16,1,0
BRDA:176,17,0,0
BRDA:176,17,1,0
BRDA:183,18,0,0
BRDA:183,18,1,0
BRDA:183,19,0,0
BRDA:183,19,1,0
BRDA:190,20,0,0
BRDA:190,20,1,0
BRDA:190,21,0,0
BRDA:190,21,1,0
BRDA:207,22,0,0
BRDA:207,22,1,0
BRDA:259,23,0,0
BRDA:259,23,1,0
BRDA:272,24,0,0
BRDA:272,24,1,0
BRDA:288,25,0,0
BRDA:288,25,1,0
BRDA:320,26,0,0
BRDA:320,26,1,0
BRF:54
BRH:0
end_of_record
TN:
SF:app\screens\SettingsScreen.tsx
FN:22,SettingsScreen
FN:38,(anonymous_1)
FN:42,(anonymous_2)
FN:50,(anonymous_3)
FN:60,(anonymous_4)
FN:70,(anonymous_5)
FN:75,(anonymous_6)
FN:150,(anonymous_7)
FN:157,(anonymous_8)
FN:176,(anonymous_9)
FN:185,(anonymous_10)
FN:193,(anonymous_11)
FN:203,(anonymous_12)
FN:237,(anonymous_13)
FN:245,(anonymous_14)
FN:253,(anonymous_15)
FN:261,(anonymous_16)
FN:269,(anonymous_17)
FN:277,(anonymous_18)
FN:287,(anonymous_19)
FN:295,(anonymous_20)
FN:303,(anonymous_21)
FN:333,(anonymous_22)
FN:344,(anonymous_23)
FN:350,(anonymous_24)
FN:356,(anonymous_25)
FN:363,(anonymous_26)
FNF:27
FNH:0
FNDA:0,SettingsScreen
FNDA:0,(anonymous_1)
FNDA:0,(anonymous_2)
FNDA:0,(anonymous_3)
FNDA:0,(anonymous_4)
FNDA:0,(anonymous_5)
FNDA:0,(anonymous_6)
FNDA:0,(anonymous_7)
FNDA:0,(anonymous_8)
FNDA:0,(anonymous_9)
FNDA:0,(anonymous_10)
FNDA:0,(anonymous_11)
FNDA:0,(anonymous_12)
FNDA:0,(anonymous_13)
FNDA:0,(anonymous_14)
FNDA:0,(anonymous_15)
FNDA:0,(anonymous_16)
FNDA:0,(anonymous_17)
FNDA:0,(anonymous_18)
FNDA:0,(anonymous_19)
FNDA:0,(anonymous_20)
FNDA:0,(anonymous_21)
FNDA:0,(anonymous_22)
FNDA:0,(anonymous_23)
FNDA:0,(anonymous_24)
FNDA:0,(anonymous_25)
FNDA:0,(anonymous_26)
DA:23,0
DA:31,0
DA:33,0
DA:34,0
DA:36,0
DA:38,0
DA:39,0
DA:42,0
DA:43,0
DA:50,0
DA:51,0
DA:52,0
DA:53,0
DA:60,0
DA:61,0
DA:70,0
DA:76,0
DA:77,0
DA:78,0
DA:90,0
DA:92,0
DA:106,0
DA:134,0
DA:150,0
DA:157,0
DA:176,0
DA:185,0
DA:193,0
DA:203,0
DA:237,0
DA:245,0
DA:253,0
DA:261,0
DA:269,0
DA:277,0
DA:287,0
DA:295,0
DA:303,0
DA:334,0
DA:344,0
DA:350,0
DA:357,0
DA:363,0
DA:385,0
LF:44
LH:0
BRDA:361,0,0,0
BRDA:361,0,1,0
BRDA:367,1,0,0
BRDA:367,1,1,0
BRF:4
BRH:0
end_of_record
TN:
SF:app\screens\VisualShowcaseScreen.tsx
FN:19,(anonymous_0)
FN:25,(anonymous_1)
FN:26,(anonymous_2)
FN:35,(anonymous_3)
FN:44,(anonymous_4)
FN:48,(anonymous_5)
FN:52,(anonymous_6)
FN:56,(anonymous_7)
FN:60,(anonymous_8)
FN:68,(anonymous_9)
FN:288,(anonymous_10)
FN:315,(anonymous_11)
FN:325,(anonymous_12)
FN:355,(anonymous_13)
FNF:14
FNH:0
FNDA:0,(anonymous_0)
FNDA:0,(anonymous_1)
FNDA:0,(anonymous_2)
FNDA:0,(anonymous_3)
FNDA:0,(anonymous_4)
FNDA:0,(anonymous_5)
FNDA:0,(anonymous_6)
FNDA:0,(anonymous_7)
FNDA:0,(anonymous_8)
FNDA:0,(anonymous_9)
FNDA:0,(anonymous_10)
FNDA:0,(anonymous_11)
FNDA:0,(anonymous_12)
FNDA:0,(anonymous_13)
DA:19,0
DA:20,0
DA:21,0
DA:22,0
DA:25,0
DA:26,0
DA:27,0
DA:28,0
DA:29,0
DA:31,0
DA:35,0
DA:36,0
DA:37,0
DA:38,0
DA:39,0
DA:40,0
DA:44,0
DA:45,0
DA:48,0
DA:49,0
DA:52,0
DA:53,0
DA:56,0
DA:57,0
DA:60,0
DA:61,0
DA:68,0
DA:73,0
DA:288,0
DA:315,0
DA:325,0
DA:363,0
LF:32
LH:0
BRDA:28,0,0,0
BRDA:28,0,1,0
BRDA:91,1,0,0
BRDA:91,1,1,0
BRF:4
BRH:0
end_of_record
TN:
SF:app\screens\notification-settings.tsx
FNF:0
FNH:0
LF:0
LH:0
BRF:0
BRH:0
end_of_record
TN:
SF:app\services\AdvancedAIService.ts
FN:29,(anonymous_0)
FN:33,(anonymous_1)
FN:40,(anonymous_2)
FN:111,(anonymous_3)
FN:151,(anonymous_4)
FN:176,(anonymous_5)
FN:194,(anonymous_6)
FN:206,(anonymous_7)
FN:218,(anonymous_8)
FN:246,(anonymous_9)
FN:280,(anonymous_10)
FN:294,(anonymous_11)
FN:307,(anonymous_12)
FN:311,(anonymous_13)
FN:315,(anonymous_14)
FN:316,(anonymous_15)
FN:321,(anonymous_16)
FNF:17
FNH:0
FNDA:0,(anonymous_0)
FNDA:0,(anonymous_1)
FNDA:0,(anonymous_2)
FNDA:0,(anonymous_3)
FNDA:0,(anonymous_4)
FNDA:0,(anonymous_5)
FNDA:0,(anonymous_6)
FNDA:0,(anonymous_7)
FNDA:0,(anonymous_8)
FNDA:0,(anonymous_9)
FNDA:0,(anonymous_10)
FNDA:0,(anonymous_11)
FNDA:0,(anonymous_12)
FNDA:0,(anonymous_13)
FNDA:0,(anonymous_14)
FNDA:0,(anonymous_15)
FNDA:0,(anonymous_16)
DA:25,0
DA:26,0
DA:27,0
DA:30,0
DA:34,0
DA:35,0
DA:37,0
DA:41,0
DA:68,0
DA:100,0
DA:115,0
DA:118,0
DA:121,0
DA:124,0
DA:127,0
DA:130,0
DA:138,0
DA:141,0
DA:143,0
DA:152,0
DA:154,0
DA:155,0
DA:157,0
DA:158,0
DA:160,0
DA:161,0
DA:163,0
DA:164,0
DA:166,0
DA:167,0
DA:169,0
DA:170,0
DA:173,0
DA:177,0
DA:179,0
DA:181,0
DA:183,0
DA:185,0
DA:188,0
DA:190,0
DA:195,0
DA:197,0
DA:198,0
DA:199,0
DA:202,0
DA:203,0
DA:207,0
DA:209,0
DA:210,0
DA:211,0
DA:212,0
DA:215,0
DA:224,0
DA:227,0
DA:228,0
DA:229,0
DA:230,0
DA:231,0
DA:232,0
DA:236,0
DA:237,0
DA:238,0
DA:239,0
DA:243,0
DA:247,0
DA:249,0
DA:251,0
DA:256,0
DA:258,0
DA:263,0
DA:265,0
DA:270,0
DA:273,0
DA:274,0
DA:277,0
DA:281,0
DA:283,0
DA:284,0
DA:285,0
DA:286,0
DA:287,0
DA:288,0
DA:291,0
DA:295,0
DA:296,0
DA:297,0
DA:298,0
DA:300,0
DA:301,0
DA:304,0
DA:308,0
DA:310,0
DA:311,0
DA:314,0
DA:315,0
DA:316,0
DA:318,0
DA:322,0
DA:325,0
DA:327,0
DA:328,0
DA:331,0
DA:332,0
DA:335,0
DA:339,0
LF:105
LH:0
BRDA:34,0,0,0
BRDA:34,0,1,0
BRDA:154,1,0,0
BRDA:154,1,1,0
BRDA:154,2,0,0
BRDA:154,2,1,0
BRDA:154,2,2,0
BRDA:157,3,0,0
BRDA:157,3,1,0
BRDA:157,4,0,0
BRDA:157,4,1,0
BRDA:157,4,2,0
BRDA:160,5,0,0
BRDA:160,5,1,0
BRDA:160,6,0,0
BRDA:160,6,1,0
BRDA:160,6,2,0
BRDA:163,7,0,0
BRDA:163,7,1,0
BRDA:163,8,0,0
BRDA:163,8,1,0
BRDA:163,8,2,0
BRDA:166,9,0,0
BRDA:166,9,1,0
BRDA:166,10,0,0
BRDA:166,10,1,0
BRDA:166,10,2,0
BRDA:169,11,0,0
BRDA:169,11,1,0
BRDA:169,12,0,0
BRDA:169,12,1,0
BRDA:169,12,2,0
BRDA:177,13,0,0
BRDA:177,13,1,0
BRDA:177,13,2,0
BRDA:177,13,3,0
BRDA:177,13,4,0
BRDA:177,13,5,0
BRDA:177,13,6,0
BRDA:197,14,0,0
BRDA:197,14,1,0
BRDA:197,15,0,0
BRDA:197,15,1,0
BRDA:202,16,0,0
BRDA:202,16,1,0
BRDA:207,17,0,0
BRDA:207,17,1,0
BRDA:209,18,0,0
BRDA:209,18,1,0
BRDA:211,19,0,0
BRDA:211,19,1,0
BRDA:227,20,0,0
BRDA:227,20,1,0
BRDA:229,21,0,0
BRDA:229,21,1,0
BRDA:231,22,0,0
BRDA:231,22,1,0
BRDA:236,23,0,0
BRDA:236,23,1,0
BRDA:238,24,0,0
BRDA:238,24,1,0
BRDA:238,25,0,0
BRDA:238,25,1,0
BRDA:249,26,0,0
BRDA:249,26,1,0
BRDA:249,26,2,0
BRDA:273,27,0,0
BRDA:273,27,1,0
BRDA:283,28,0,0
BRDA:283,28,1,0
BRDA:283,29,0,0
BRDA:283,29,1,0
BRDA:285,30,0,0
BRDA:285,30,1,0
BRDA:285,31,0,0
BRDA:285,31,1,0
BRDA:287,32,0,0
BRDA:287,32,1,0
BRDA:295,33,0,0
BRDA:295,33,1,0
BRDA:296,34,0,0
BRDA:296,34,1,0
BRDA:297,35,0,0
BRDA:297,35,1,0
BRDA:298,36,0,0
BRDA:298,36,1,0
BRDA:300,37,0,0
BRDA:300,37,1,0
BRDA:301,38,0,0
BRDA:301,38,1,0
BRDA:308,39,0,0
BRDA:308,39,1,0
BRDA:314,40,0,0
BRDA:314,40,1,0
BRDA:315,41,0,0
BRDA:315,41,1,0
BRDA:316,42,0,0
BRDA:316,42,1,0
BRDA:325,43,0,0
BRDA:325,43,1,0
BRDA:327,44,0,0
BRDA:327,44,1,0
BRDA:327,45,0,0
BRDA:327,45,1,0
BRDA:331,46,0,0
BRDA:331,46,1,0
BRDA:331,47,0,0
BRDA:331,47,1,0
BRF:108
BRH:0
end_of_record
TN:
SF:app\store\actions.ts
FN:37,(anonymous_0)
FN:42,(anonymous_1)
FN:52,(anonymous_2)
FN:62,(anonymous_3)
FN:66,(anonymous_4)
FN:69,(anonymous_5)
FN:77,(anonymous_6)
FN:78,(anonymous_7)
FN:81,(anonymous_8)
FN:82,(anonymous_9)
FN:85,(anonymous_10)
FN:86,(anonymous_11)
FN:89,(anonymous_12)
FN:93,(anonymous_13)
FN:97,(anonymous_14)
FN:101,(anonymous_15)
FN:111,(anonymous_16)
FN:118,(anonymous_17)
FN:119,(anonymous_18)
FN:123,(anonymous_19)
FN:126,(anonymous_20)
FN:130,(anonymous_21)
FN:140,(anonymous_22)
FN:148,(anonymous_23)
FN:156,(anonymous_24)
FN:164,(anonymous_25)
FN:172,(anonymous_26)
FNF:27
FNH:0
FNDA:0,(anonymous_0)
FNDA:0,(anonymous_1)
FNDA:0,(anonymous_2)
FNDA:0,(anonymous_3)
FNDA:0,(anonymous_4)
FNDA:0,(anonymous_5)
FNDA:0,(anonymous_6)
FNDA:0,(anonymous_7)
FNDA:0,(anonymous_8)
FNDA:0,(anonymous_9)
FNDA:0,(anonymous_10)
FNDA:0,(anonymous_11)
FNDA:0,(anonymous_12)
FNDA:0,(anonymous_13)
FNDA:0,(anonymous_14)
FNDA:0,(anonymous_15)
FNDA:0,(anonymous_16)
FNDA:0,(anonymous_17)
FNDA:0,(anonymous_18)
FNDA:0,(anonymous_19)
FNDA:0,(anonymous_20)
FNDA:0,(anonymous_21)
FNDA:0,(anonymous_22)
FNDA:0,(anonymous_23)
FNDA:0,(anonymous_24)
FNDA:0,(anonymous_25)
FNDA:0,(anonymous_26)
DA:5,0
DA:35,0
DA:37,0
DA:43,0
DA:45,0
DA:52,0
DA:53,0
DA:55,0
DA:56,0
DA:58,0
DA:63,0
DA:67,0
DA:69,0
DA:70,0
DA:71,0
DA:73,0
DA:78,0
DA:82,0
DA:86,0
DA:90,0
DA:94,0
DA:98,0
DA:99,0
DA:100,0
DA:101,0
DA:106,0
DA:113,0
DA:118,0
DA:120,0
DA:121,0
DA:124,0
DA:127,0
DA:130,0
DA:140,0
DA:141,0
DA:148,0
DA:149,0
DA:156,0
DA:157,0
DA:164,0
DA:165,0
DA:172,0
DA:173,0
LF:43
LH:0
BRDA:43,0,0,0
BRDA:43,0,1,0
BRDA:55,1,0,0
BRDA:55,1,1,0
BRDA:70,2,0,0
BRDA:70,2,1,0
BRDA:100,3,0,0
BRDA:100,3,1,0
BRDA:121,4,0,0
BRDA:121,4,1,0
BRDA:168,5,0,0
BRDA:168,5,1,0
BRF:12
BRH:0
end_of_record
TN:
SF:app\store\consent.ts
FN:69,(anonymous_0)
FN:73,(anonymous_1)
FN:74,(anonymous_2)
FN:89,(anonymous_3)
FN:90,(anonymous_4)
FN:103,(anonymous_5)
FN:104,(anonymous_6)
FN:116,(anonymous_7)
FN:119,(anonymous_8)
FN:121,(anonymous_9)
FN:126,(anonymous_10)
FN:135,(anonymous_11)
FN:136,(anonymous_12)
FN:140,(anonymous_13)
FN:143,(anonymous_14)
FN:147,(anonymous_15)
FNF:16
FNH:0
FNDA:0,(anonymous_0)
FNDA:0,(anonymous_1)
FNDA:0,(anonymous_2)
FNDA:0,(anonymous_3)
FNDA:0,(anonymous_4)
FNDA:0,(anonymous_5)
FNDA:0,(anonymous_6)
FNDA:0,(anonymous_7)
FNDA:0,(anonymous_8)
FNDA:0,(anonymous_9)
FNDA:0,(anonymous_10)
FNDA:0,(anonymous_11)
FNDA:0,(anonymous_12)
FNDA:0,(anonymous_13)
FNDA:0,(anonymous_14)
FNDA:0,(anonymous_15)
DA:5,0
DA:29,0
DA:67,0
DA:69,0
DA:74,0
DA:86,0
DA:90,0
DA:100,0
DA:104,0
DA:113,0
DA:117,0
DA:118,0
DA:119,0
DA:121,0
DA:122,0
DA:123,0
DA:127,0
DA:135,0
DA:137,0
DA:138,0
DA:141,0
DA:144,0
DA:147,0
LF:23
LH:0
BRDA:138,0,0,0
BRDA:138,0,1,0
BRF:2
BRH:0
end_of_record
TN:
SF:app\store\device.ts
FN:50,(anonymous_0)
FN:79,(anonymous_1)
FN:81,(anonymous_2)
FN:83,(anonymous_3)
FN:84,(anonymous_4)
FN:92,(anonymous_5)
FN:93,(anonymous_6)
FN:101,(anonymous_7)
FN:110,(anonymous_8)
FN:117,(anonymous_9)
FN:118,(anonymous_10)
FN:122,(anonymous_11)
FN:125,(anonymous_12)
FNF:13
FNH:0
FNDA:0,(anonymous_0)
FNDA:0,(anonymous_1)
FNDA:0,(anonymous_2)
FNDA:0,(anonymous_3)
FNDA:0,(anonymous_4)
FNDA:0,(anonymous_5)
FNDA:0,(anonymous_6)
FNDA:0,(anonymous_7)
FNDA:0,(anonymous_8)
FNDA:0,(anonymous_9)
FNDA:0,(anonymous_10)
FNDA:0,(anonymous_11)
FNDA:0,(anonymous_12)
DA:5,0
DA:48,0
DA:50,0
DA:79,0
DA:81,0
DA:84,0
DA:93,0
DA:102,0
DA:103,0
DA:111,0
DA:112,0
DA:117,0
DA:119,0
DA:120,0
DA:123,0
DA:126,0
LF:16
LH:0
BRDA:105,0,0,0
BRDA:105,0,1,0
BRDA:106,1,0,0
BRDA:106,1,1,0
BRDA:106,2,0,0
BRDA:106,2,1,0
BRDA:120,3,0,0
BRDA:120,3,1,0
BRF:8
BRH:0
end_of_record
TN:
SF:app\store\graphics.ts
FN:51,(anonymous_0)
FN:56,(anonymous_1)
FN:57,(anonymous_2)
FN:62,(anonymous_3)
FN:63,(anonymous_4)
FN:68,(anonymous_5)
FN:69,(anonymous_6)
FN:74,(anonymous_7)
FN:75,(anonymous_8)
FN:80,(anonymous_9)
FN:81,(anonymous_10)
FN:89,(anonymous_11)
FN:90,(anonymous_12)
FN:98,(anonymous_13)
FN:99,(anonymous_14)
FN:107,(anonymous_15)
FN:108,(anonymous_16)
FN:116,(anonymous_17)
FN:117,(anonymous_18)
FN:125,(anonymous_19)
FN:129,(anonymous_20)
FN:141,(anonymous_21)
FN:145,(anonymous_22)
FN:156,(anonymous_23)
FN:166,(anonymous_24)
FN:167,(anonymous_25)
FN:171,(anonymous_26)
FN:174,(anonymous_27)
FNF:28
FNH:0
FNDA:0,(anonymous_0)
FNDA:0,(anonymous_1)
FNDA:0,(anonymous_2)
FNDA:0,(anonymous_3)
FNDA:0,(anonymous_4)
FNDA:0,(anonymous_5)
FNDA:0,(anonymous_6)
FNDA:0,(anonymous_7)
FNDA:0,(anonymous_8)
FNDA:0,(anonymous_9)
FNDA:0,(anonymous_10)
FNDA:0,(anonymous_11)
FNDA:0,(anonymous_12)
FNDA:0,(anonymous_13)
FNDA:0,(anonymous_14)
FNDA:0,(anonymous_15)
FNDA:0,(anonymous_16)
FNDA:0,(anonymous_17)
FNDA:0,(anonymous_18)
FNDA:0,(anonymous_19)
FNDA:0,(anonymous_20)
FNDA:0,(anonymous_21)
FNDA:0,(anonymous_22)
FNDA:0,(anonymous_23)
FNDA:0,(anonymous_24)
FNDA:0,(anonymous_25)
FNDA:0,(anonymous_26)
FNDA:0,(anonymous_27)
DA:5,0
DA:38,0
DA:49,0
DA:51,0
DA:57,0
DA:63,0
DA:69,0
DA:75,0
DA:81,0
DA:90,0
DA:99,0
DA:108,0
DA:117,0
DA:126,0
DA:127,0
DA:129,0
DA:142,0
DA:143,0
DA:145,0
DA:157,0
DA:166,0
DA:168,0
DA:169,0
DA:172,0
DA:175,0
LF:25
LH:0
BRDA:127,0,0,0
BRDA:127,0,1,0
BRDA:143,1,0,0
BRDA:143,1,1,0
BRDA:169,2,0,0
BRDA:169,2,1,0
BRF:6
BRH:0
end_of_record
TN:
SF:app\store\index.ts
FN:49,(anonymous_0)
FN:69,(anonymous_1)
FN:77,(anonymous_2)
FN:93,(anonymous_3)
FN:107,(anonymous_4)
FN:127,(anonymous_5)
FN:134,(anonymous_6)
FN:139,(anonymous_7)
FN:147,(anonymous_8)
FN:151,(anonymous_9)
FN:166,(anonymous_10)
FN:183,(anonymous_11)
FN:191,(anonymous_12)
FN:203,(anonymous_13)
FN:231,(anonymous_14)
FN:241,(anonymous_15)
FN:247,(anonymous_16)
FN:252,(anonymous_17)
FN:264,(anonymous_18)
FN:270,(anonymous_19)
FNF:20
FNH:0
FNDA:0,(anonymous_0)
FNDA:0,(anonymous_1)
FNDA:0,(anonymous_2)
FNDA:0,(anonymous_3)
FNDA:0,(anonymous_4)
FNDA:0,(anonymous_5)
FNDA:0,(anonymous_6)
FNDA:0,(anonymous_7)
FNDA:0,(anonymous_8)
FNDA:0,(anonymous_9)
FNDA:0,(anonymous_10)
FNDA:0,(anonymous_11)
FNDA:0,(anonymous_12)
FNDA:0,(anonymous_13)
FNDA:0,(anonymous_14)
FNDA:0,(anonymous_15)
FNDA:0,(anonymous_16)
FNDA:0,(anonymous_17)
FNDA:0,(anonymous_18)
FNDA:0,(anonymous_19)
DA:20,0
DA:26,0
DA:49,0
DA:65,0
DA:66,0
DA:67,0
DA:70,0
DA:71,0
DA:73,0
DA:78,0
DA:80,0
DA:84,0
DA:85,0
DA:87,0
DA:88,0
DA:94,0
DA:101,0
DA:102,0
DA:108,0
DA:110,0
DA:112,0
DA:114,0
DA:117,0
DA:118,0
DA:120,0
DA:122,0
DA:128,0
DA:129,0
DA:130,0
DA:133,0
DA:134,0
DA:135,0
DA:136,0
DA:139,0
DA:142,0
DA:148,0
DA:149,0
DA:150,0
DA:151,0
DA:155,0
DA:156,0
DA:157,0
DA:160,0
DA:162,0
DA:167,0
DA:176,0
DA:181,0
DA:184,0
DA:185,0
DA:187,0
DA:192,0
DA:199,0
DA:205,0
DA:206,0
DA:207,0
DA:211,0
DA:212,0
DA:213,0
DA:214,0
DA:216,0
DA:221,0
DA:224,0
DA:227,0
DA:232,0
DA:233,0
DA:234,0
DA:237,0
DA:242,0
DA:243,0
DA:248,0
DA:253,0
DA:261,0
DA:264,0
DA:265,0
DA:267,0
DA:270,0
DA:271,0
DA:272,0
DA:274,0
DA:278,0
DA:280,0
LF:81
LH:0
BRDA:70,0,0,0
BRDA:70,0,1,0
BRDA:101,1,0,0
BRDA:101,1,1,0
BRDA:108,2,0,0
BRDA:108,2,1,0
BRDA:108,3,0,0
BRDA:108,3,1,0
BRDA:135,4,0,0
BRDA:135,4,1,0
BRDA:155,5,0,0
BRDA:155,5,1,0
BRDA:157,6,0,0
BRDA:157,6,1,0
BRDA:184,7,0,0
BRDA:184,7,1,0
BRDA:191,8,0,0
BRDA:206,9,0,0
BRDA:206,9,1,0
BRDA:206,10,0,0
BRDA:206,10,1,0
BRDA:213,11,0,0
BRDA:213,11,1,0
BRDA:233,12,0,0
BRDA:233,12,1,0
BRDA:233,13,0,0
BRDA:233,13,1,0
BRDA:272,14,0,0
BRDA:272,14,1,0
BRF:29
BRH:0
end_of_record
TN:
SF:app\store\memory.ts
FN:53,(anonymous_0)
FN:61,(anonymous_1)
FN:68,(anonymous_2)
FN:73,(anonymous_3)
FN:80,(anonymous_4)
FN:85,(anonymous_5)
FN:92,(anonymous_6)
FN:97,(anonymous_7)
FN:104,(anonymous_8)
FN:110,(anonymous_9)
FN:113,(anonymous_10)
FN:114,(anonymous_11)
FN:117,(anonymous_12)
FN:127,(anonymous_13)
FN:130,(anonymous_14)
FN:131,(anonymous_15)
FN:134,(anonymous_16)
FN:139,(anonymous_17)
FN:141,(anonymous_18)
FN:142,(anonymous_19)
FN:146,(anonymous_20)
FN:148,(anonymous_21)
FN:149,(anonymous_22)
FN:150,(anonymous_23)
FN:151,(anonymous_24)
FN:152,(anonymous_25)
FN:153,(anonymous_26)
FN:157,(anonymous_27)
FN:158,(anonymous_28)
FN:159,(anonymous_29)
FN:160,(anonymous_30)
FN:161,(anonymous_31)
FN:162,(anonymous_32)
FN:168,(anonymous_33)
FN:169,(anonymous_34)
FN:173,(anonymous_35)
FN:176,(anonymous_36)
FNF:37
FNH:0
FNDA:0,(anonymous_0)
FNDA:0,(anonymous_1)
FNDA:0,(anonymous_2)
FNDA:0,(anonymous_3)
FNDA:0,(anonymous_4)
FNDA:0,(anonymous_5)
FNDA:0,(anonymous_6)
FNDA:0,(anonymous_7)
FNDA:0,(anonymous_8)
FNDA:0,(anonymous_9)
FNDA:0,(anonymous_10)
FNDA:0,(anonymous_11)
FNDA:0,(anonymous_12)
FNDA:0,(anonymous_13)
FNDA:0,(anonymous_14)
FNDA:0,(anonymous_15)
FNDA:0,(anonymous_16)
FNDA:0,(anonymous_17)
FNDA:0,(anonymous_18)
FNDA:0,(anonymous_19)
FNDA:0,(anonymous_20)
FNDA:0,(anonymous_21)
FNDA:0,(anonymous_22)
FNDA:0,(anonymous_23)
FNDA:0,(anonymous_24)
FNDA:0,(anonymous_25)
FNDA:0,(anonymous_26)
FNDA:0,(anonymous_27)
FNDA:0,(anonymous_28)
FNDA:0,(anonymous_29)
FNDA:0,(anonymous_30)
FNDA:0,(anonymous_31)
FNDA:0,(anonymous_32)
FNDA:0,(anonymous_33)
FNDA:0,(anonymous_34)
FNDA:0,(anonymous_35)
FNDA:0,(anonymous_36)
DA:5,0
DA:51,0
DA:53,0
DA:62,0
DA:68,0
DA:74,0
DA:80,0
DA:86,0
DA:92,0
DA:98,0
DA:104,0
DA:111,0
DA:112,0
DA:113,0
DA:114,0
DA:118,0
DA:119,0
DA:120,0
DA:121,0
DA:122,0
DA:123,0
DA:128,0
DA:129,0
DA:130,0
DA:131,0
DA:135,0
DA:136,0
DA:137,0
DA:139,0
DA:140,0
DA:141,0
DA:142,0
DA:146,0
DA:149,0
DA:150,0
DA:151,0
DA:152,0
DA:153,0
DA:158,0
DA:159,0
DA:160,0
DA:161,0
DA:162,0
DA:168,0
DA:170,0
DA:171,0
DA:174,0
DA:177,0
LF:48
LH:0
BRDA:119,0,0,0
BRDA:119,0,1,0
BRDA:119,0,2,0
BRDA:119,0,3,0
BRDA:140,1,0,0
BRDA:140,1,1,0
BRDA:159,2,0,0
BRDA:159,2,1,0
BRDA:160,3,0,0
BRDA:160,3,1,0
BRDA:161,4,0,0
BRDA:161,4,1,0
BRDA:162,5,0,0
BRDA:162,5,1,0
BRDA:171,6,0,0
BRDA:171,6,1,0
BRF:16
BRH:0
end_of_record
TN:
SF:app\store\permissions.ts
FN:38,(anonymous_0)
FN:46,(anonymous_1)
FN:47,(anonymous_2)
FN:56,(anonymous_3)
FN:57,(anonymous_4)
FN:66,(anonymous_5)
FN:67,(anonymous_6)
FN:78,(anonymous_7)
FN:79,(anonymous_8)
FN:90,(anonymous_9)
FN:103,(anonymous_10)
FN:104,(anonymous_11)
FN:108,(anonymous_12)
FN:111,(anonymous_13)
FNF:14
FNH:0
FNDA:0,(anonymous_0)
FNDA:0,(anonymous_1)
FNDA:0,(anonymous_2)
FNDA:0,(anonymous_3)
FNDA:0,(anonymous_4)
FNDA:0,(anonymous_5)
FNDA:0,(anonymous_6)
FNDA:0,(anonymous_7)
FNDA:0,(anonymous_8)
FNDA:0,(anonymous_9)
FNDA:0,(anonymous_10)
FNDA:0,(anonymous_11)
FNDA:0,(anonymous_12)
FNDA:0,(anonymous_13)
DA:5,0
DA:30,0
DA:36,0
DA:38,0
DA:47,0
DA:57,0
DA:67,0
DA:79,0
DA:91,0
DA:103,0
DA:105,0
DA:106,0
DA:109,0
DA:112,0
LF:14
LH:0
BRDA:106,0,0,0
BRDA:106,0,1,0
BRF:2
BRH:0
end_of_record
TN:
SF:app\store\persona.ts
FN:39,(anonymous_0)
FN:51,(anonymous_1)
FN:53,(anonymous_2)
FN:63,(anonymous_3)
FN:64,(anonymous_4)
FN:65,(anonymous_5)
FN:67,(anonymous_6)
FN:69,(anonymous_7)
FN:74,(anonymous_8)
FN:78,(anonymous_9)
FN:79,(anonymous_10)
FN:83,(anonymous_11)
FN:86,(anonymous_12)
FNF:13
FNH:0
FNDA:0,(anonymous_0)
FNDA:0,(anonymous_1)
FNDA:0,(anonymous_2)
FNDA:0,(anonymous_3)
FNDA:0,(anonymous_4)
FNDA:0,(anonymous_5)
FNDA:0,(anonymous_6)
FNDA:0,(anonymous_7)
FNDA:0,(anonymous_8)
FNDA:0,(anonymous_9)
FNDA:0,(anonymous_10)
FNDA:0,(anonymous_11)
FNDA:0,(anonymous_12)
DA:5,0
DA:37,0
DA:39,0
DA:52,0
DA:53,0
DA:63,0
DA:64,0
DA:65,0
DA:67,0
DA:70,0
DA:71,0
DA:74,0
DA:78,0
DA:80,0
DA:81,0
DA:84,0
DA:87,0
LF:17
LH:0
BRDA:51,0,0,0
BRDA:51,1,0,0
BRDA:81,2,0,0
BRDA:81,2,1,0
BRF:4
BRH:0
end_of_record
TN:
SF:app\store\planner.ts
FN:87,(anonymous_0)
FN:93,(anonymous_1)
FN:101,(anonymous_2)
FN:106,(anonymous_3)
FN:107,(anonymous_4)
FN:108,(anonymous_5)
FN:116,(anonymous_6)
FN:117,(anonymous_7)
FN:118,(anonymous_8)
FN:122,(anonymous_9)
FN:123,(anonymous_10)
FN:124,(anonymous_11)
FN:132,(anonymous_12)
FN:138,(anonymous_13)
FN:139,(anonymous_14)
FN:147,(anonymous_15)
FN:148,(anonymous_16)
FN:149,(anonymous_17)
FN:153,(anonymous_18)
FN:163,(anonymous_19)
FN:164,(anonymous_20)
FN:165,(anonymous_21)
FN:169,(anonymous_22)
FN:177,(anonymous_23)
FN:185,(anonymous_24)
FN:190,(anonymous_25)
FN:191,(anonymous_26)
FN:192,(anonymous_27)
FN:200,(anonymous_28)
FN:201,(anonymous_29)
FN:202,(anonymous_30)
FN:206,(anonymous_31)
FN:212,(anonymous_32)
FN:213,(anonymous_33)
FN:221,(anonymous_34)
FN:222,(anonymous_35)
FN:223,(anonymous_36)
FN:227,(anonymous_37)
FN:237,(anonymous_38)
FN:238,(anonymous_39)
FN:239,(anonymous_40)
FN:243,(anonymous_41)
FN:251,(anonymous_42)
FN:252,(anonymous_43)
FN:257,(anonymous_44)
FN:258,(anonymous_45)
FN:259,(anonymous_46)
FN:263,(anonymous_47)
FN:264,(anonymous_48)
FN:267,(anonymous_49)
FN:268,(anonymous_50)
FN:271,(anonymous_51)
FN:274,(anonymous_52)
FN:278,(anonymous_53)
FN:282,(anonymous_54)
FN:286,(anonymous_55)
FN:288,(anonymous_56)
FN:289,(anonymous_57)
FN:290,(anonymous_58)
FN:291,(anonymous_59)
FN:297,(anonymous_60)
FN:298,(anonymous_61)
FN:302,(anonymous_62)
FN:305,(anonymous_63)
FNF:64
FNH:0
FNDA:0,(anonymous_0)
FNDA:0,(anonymous_1)
FNDA:0,(anonymous_2)
FNDA:0,(anonymous_3)
FNDA:0,(anonymous_4)
FNDA:0,(anonymous_5)
FNDA:0,(anonymous_6)
FNDA:0,(anonymous_7)
FNDA:0,(anonymous_8)
FNDA:0,(anonymous_9)
FNDA:0,(anonymous_10)
FNDA:0,(anonymous_11)
FNDA:0,(anonymous_12)
FNDA:0,(anonymous_13)
FNDA:0,(anonymous_14)
FNDA:0,(anonymous_15)
FNDA:0,(anonymous_16)
FNDA:0,(anonymous_17)
FNDA:0,(anonymous_18)
FNDA:0,(anonymous_19)
FNDA:0,(anonymous_20)
FNDA:0,(anonymous_21)
FNDA:0,(anonymous_22)
FNDA:0,(anonymous_23)
FNDA:0,(anonymous_24)
FNDA:0,(anonymous_25)
FNDA:0,(anonymous_26)
FNDA:0,(anonymous_27)
FNDA:0,(anonymous_28)
FNDA:0,(anonymous_29)
FNDA:0,(anonymous_30)
FNDA:0,(anonymous_31)
FNDA:0,(anonymous_32)
FNDA:0,(anonymous_33)
FNDA:0,(anonymous_34)
FNDA:0,(anonymous_35)
FNDA:0,(anonymous_36)
FNDA:0,(anonymous_37)
FNDA:0,(anonymous_38)
FNDA:0,(anonymous_39)
FNDA:0,(anonymous_40)
FNDA:0,(anonymous_41)
FNDA:0,(anonymous_42)
FNDA:0,(anonymous_43)
FNDA:0,(anonymous_44)
FNDA:0,(anonymous_45)
FNDA:0,(anonymous_46)
FNDA:0,(anonymous_47)
FNDA:0,(anonymous_48)
FNDA:0,(anonymous_49)
FNDA:0,(anonymous_50)
FNDA:0,(anonymous_51)
FNDA:0,(anonymous_52)
FNDA:0,(anonymous_53)
FNDA:0,(anonymous_54)
FNDA:0,(anonymous_55)
FNDA:0,(anonymous_56)
FNDA:0,(anonymous_57)
FNDA:0,(anonymous_58)
FNDA:0,(anonymous_59)
FNDA:0,(anonymous_60)
FNDA:0,(anonymous_61)
FNDA:0,(anonymous_62)
FNDA:0,(anonymous_63)
DA:5,0
DA:85,0
DA:87,0
DA:94,0
DA:101,0
DA:107,0
DA:109,0
DA:117,0
DA:118,0
DA:123,0
DA:125,0
DA:133,0
DA:138,0
DA:140,0
DA:148,0
DA:150,0
DA:154,0
DA:164,0
DA:166,0
DA:169,0
DA:178,0
DA:185,0
DA:191,0
DA:193,0
DA:201,0
DA:202,0
DA:207,0
DA:212,0
DA:214,0
DA:222,0
DA:224,0
DA:228,0
DA:238,0
DA:240,0
DA:243,0
DA:252,0
DA:258,0
DA:259,0
DA:264,0
DA:268,0
DA:272,0
DA:273,0
DA:274,0
DA:279,0
DA:280,0
DA:281,0
DA:282,0
DA:286,0
DA:289,0
DA:290,0
DA:291,0
DA:297,0
DA:299,0
DA:300,0
DA:303,0
DA:306,0
LF:56
LH:0
BRDA:109,0,0,0
BRDA:109,0,1,0
BRDA:125,1,0,0
BRDA:125,1,1,0
BRDA:140,2,0,0
BRDA:140,2,1,0
BRDA:150,3,0,0
BRDA:150,3,1,0
BRDA:154,4,0,0
BRDA:154,4,1,0
BRDA:166,5,0,0
BRDA:166,5,1,0
BRDA:193,6,0,0
BRDA:193,6,1,0
BRDA:214,7,0,0
BRDA:214,7,1,0
BRDA:224,8,0,0
BRDA:224,8,1,0
BRDA:228,9,0,0
BRDA:228,9,1,0
BRDA:240,10,0,0
BRDA:240,10,1,0
BRDA:274,11,0,0
BRDA:274,11,1,0
BRDA:274,11,2,0
BRDA:282,12,0,0
BRDA:282,12,1,0
BRDA:282,12,2,0
BRDA:282,12,3,0
BRDA:300,13,0,0
BRDA:300,13,1,0
BRF:31
BRH:0
end_of_record
TN:
SF:app\store\theme.ts
FN:28,(anonymous_0)
FN:38,(anonymous_1)
FN:48,(anonymous_2)
FN:49,(anonymous_3)
FN:52,(anonymous_4)
FN:56,(anonymous_5)
FN:60,(anonymous_6)
FN:64,(anonymous_7)
FN:75,(anonymous_8)
FN:81,(anonymous_9)
FN:82,(anonymous_10)
FN:86,(anonymous_11)
FN:89,(anonymous_12)
FN:93,(anonymous_13)
FN:100,(anonymous_14)
FN:100,(anonymous_15)
FNF:16
FNH:0
FNDA:0,(anonymous_0)
FNDA:0,(anonymous_1)
FNDA:0,(anonymous_2)
FNDA:0,(anonymous_3)
FNDA:0,(anonymous_4)
FNDA:0,(anonymous_5)
FNDA:0,(anonymous_6)
FNDA:0,(anonymous_7)
FNDA:0,(anonymous_8)
FNDA:0,(anonymous_9)
FNDA:0,(anonymous_10)
FNDA:0,(anonymous_11)
FNDA:0,(anonymous_12)
FNDA:0,(anonymous_13)
FNDA:0,(anonymous_14)
FNDA:0,(anonymous_15)
DA:6,0
DA:26,0
DA:28,0
DA:39,0
DA:40,0
DA:41,0
DA:49,0
DA:53,0
DA:57,0
DA:61,0
DA:65,0
DA:76,0
DA:81,0
DA:83,0
DA:84,0
DA:87,0
DA:90,0
DA:93,0
DA:100,0
DA:101,0
DA:102,0
DA:103,0
DA:104,0
LF:23
LH:0
BRDA:40,0,0,0
BRDA:40,0,1,0
BRDA:84,1,0,0
BRDA:84,1,1,0
BRDA:101,2,0,0
BRDA:101,2,1,0
BRDA:101,3,0,0
BRDA:101,3,1,0
BRDA:103,4,0,0
BRDA:103,4,1,0
BRF:10
BRH:0
end_of_record
TN:
SF:app\store\user.ts
FN:92,(anonymous_0)
FN:98,(anonymous_1)
FN:100,(anonymous_2)
FN:109,(anonymous_3)
FN:121,(anonymous_4)
FN:133,(anonymous_5)
FN:145,(anonymous_6)
FN:163,(anonymous_7)
FN:179,(anonymous_8)
FN:196,(anonymous_9)
FN:198,(anonymous_10)
FN:200,(anonymous_11)
FN:202,(anonymous_12)
FN:211,(anonymous_13)
FN:212,(anonymous_14)
FN:216,(anonymous_15)
FN:219,(anonymous_16)
FN:223,(anonymous_17)
FNF:18
FNH:0
FNDA:0,(anonymous_0)
FNDA:0,(anonymous_1)
FNDA:0,(anonymous_2)
FNDA:0,(anonymous_3)
FNDA:0,(anonymous_4)
FNDA:0,(anonymous_5)
FNDA:0,(anonymous_6)
FNDA:0,(anonymous_7)
FNDA:0,(anonymous_8)
FNDA:0,(anonymous_9)
FNDA:0,(anonymous_10)
FNDA:0,(anonymous_11)
FNDA:0,(anonymous_12)
FNDA:0,(anonymous_13)
FNDA:0,(anonymous_14)
FNDA:0,(anonymous_15)
FNDA:0,(anonymous_16)
FNDA:0,(anonymous_17)
DA:5,0
DA:66,0
DA:90,0
DA:92,0
DA:98,0
DA:101,0
DA:102,0
DA:103,0
DA:110,0
DA:111,0
DA:112,0
DA:122,0
DA:123,0
DA:124,0
DA:134,0
DA:135,0
DA:136,0
DA:146,0
DA:147,0
DA:148,0
DA:164,0
DA:165,0
DA:166,0
DA:180,0
DA:181,0
DA:182,0
DA:196,0
DA:198,0
DA:200,0
DA:202,0
DA:211,0
DA:213,0
DA:214,0
DA:217,0
DA:220,0
DA:223,0
LF:36
LH:0
BRDA:102,0,0,0
BRDA:102,0,1,0
BRDA:111,1,0,0
BRDA:111,1,1,0
BRDA:123,2,0,0
BRDA:123,2,1,0
BRDA:135,3,0,0
BRDA:135,3,1,0
BRDA:147,4,0,0
BRDA:147,4,1,0
BRDA:165,5,0,0
BRDA:165,5,1,0
BRDA:181,6,0,0
BRDA:181,6,1,0
BRDA:214,7,0,0
BRDA:214,7,1,0
BRF:16
BRH:0
end_of_record
TN:
SF:app\themes\index.ts
FNF:0
FNH:0
DA:3,0
DA:72,0
DA:81,0
DA:89,0
DA:120,0
DA:140,0
DA:328,0
LF:7
LH:0
BRF:0
BRH:0
end_of_record
TN:
SF:app\utils\AndroidLauncher.ts
FN:29,(anonymous_0)
FN:47,(anonymous_1)
FN:71,(anonymous_2)
FN:77,(anonymous_3)
FN:91,(anonymous_4)
FN:138,(anonymous_5)
FN:146,(anonymous_6)
FN:185,(anonymous_7)
FN:197,(anonymous_8)
FN:210,(anonymous_9)
FN:219,(anonymous_10)
FN:223,(anonymous_11)
FN:229,(anonymous_12)
FN:230,(anonymous_13)
FN:233,(anonymous_14)
FN:234,(anonymous_15)
FN:239,(anonymous_16)
FN:244,(anonymous_17)
FN:246,(anonymous_18)
FN:253,(anonymous_19)
FN:257,(anonymous_20)
FN:262,(anonymous_21)
FN:268,(anonymous_22)
FN:275,(anonymous_23)
FN:281,(anonymous_24)
FN:288,(anonymous_25)
FN:289,(anonymous_26)
FN:296,(anonymous_27)
FN:306,(anonymous_28)
FN:316,(anonymous_29)
FN:327,(anonymous_30)
FN:345,(anonymous_31)
FN:348,(anonymous_32)
FN:366,(anonymous_33)
FN:367,(anonymous_34)
FN:370,(anonymous_35)
FN:371,(anonymous_36)
FNF:37
FNH:0
FNDA:0,(anonymous_0)
FNDA:0,(anonymous_1)
FNDA:0,(anonymous_2)
FNDA:0,(anonymous_3)
FNDA:0,(anonymous_4)
FNDA:0,(anonymous_5)
FNDA:0,(anonymous_6)
FNDA:0,(anonymous_7)
FNDA:0,(anonymous_8)
FNDA:0,(anonymous_9)
FNDA:0,(anonymous_10)
FNDA:0,(anonymous_11)
FNDA:0,(anonymous_12)
FNDA:0,(anonymous_13)
FNDA:0,(anonymous_14)
FNDA:0,(anonymous_15)
FNDA:0,(anonymous_16)
FNDA:0,(anonymous_17)
FNDA:0,(anonymous_18)
FNDA:0,(anonymous_19)
FNDA:0,(anonymous_20)
FNDA:0,(anonymous_21)
FNDA:0,(anonymous_22)
FNDA:0,(anonymous_23)
FNDA:0,(anonymous_24)
FNDA:0,(anonymous_25)
FNDA:0,(anonymous_26)
FNDA:0,(anonymous_27)
FNDA:0,(anonymous_28)
FNDA:0,(anonymous_29)
FNDA:0,(anonymous_30)
FNDA:0,(anonymous_31)
FNDA:0,(anonymous_32)
FNDA:0,(anonymous_33)
FNDA:0,(anonymous_34)
FNDA:0,(anonymous_35)
FNDA:0,(anonymous_36)
DA:26,0
DA:27,0
DA:30,0
DA:48,0
DA:49,0
DA:50,0
DA:53,0
DA:55,0
DA:56,0
DA:57,0
DA:58,0
DA:62,0
DA:63,0
DA:64,0
DA:66,0
DA:67,0
DA:74,0
DA:78,0
DA:83,0
DA:84,0
DA:86,0
DA:87,0
DA:92,0
DA:139,0
DA:140,0
DA:141,0
DA:144,0
DA:146,0
DA:147,0
DA:148,0
DA:149,0
DA:152,0
DA:155,0
DA:161,0
DA:163,0
DA:166,0
DA:167,0
DA:168,0
DA:169,0
DA:170,0
DA:173,0
DA:176,0
DA:181,0
DA:186,0
DA:187,0
DA:190,0
DA:192,0
DA:193,0
DA:198,0
DA:199,0
DA:202,0
DA:204,0
DA:205,0
DA:211,0
DA:212,0
DA:213,0
DA:216,0
DA:219,0
DA:222,0
DA:223,0
DA:226,0
DA:230,0
DA:234,0
DA:235,0
DA:241,0
DA:245,0
DA:246,0
DA:247,0
DA:254,0
DA:258,0
DA:263,0
DA:264,0
DA:269,0
DA:270,0
DA:271,0
DA:276,0
DA:277,0
DA:282,0
DA:283,0
DA:284,0
DA:289,0
DA:290,0
DA:291,0
DA:297,0
DA:298,0
DA:299,0
DA:301,0
DA:302,0
DA:307,0
DA:308,0
DA:309,0
DA:311,0
DA:312,0
DA:317,0
DA:318,0
DA:319,0
DA:321,0
DA:322,0
DA:335,0
DA:348,0
DA:349,0
DA:351,0
DA:363,0
DA:367,0
DA:371,0
LF:105
LH:0
BRDA:48,0,0,0
BRDA:48,0,1,0
BRDA:56,1,0,0
BRDA:56,1,1,0
BRDA:139,2,0,0
BRDA:139,2,1,0
BRDA:147,3,0,0
BRDA:147,3,1,0
BRDA:168,4,0,0
BRDA:168,4,1,0
BRDA:211,5,0,0
BRDA:211,5,1,0
BRDA:222,6,0,0
BRDA:222,6,1,0
BRDA:247,7,0,0
BRDA:247,7,1,0
BRDA:263,8,0,0
BRDA:263,8,1,0
BRDA:270,9,0,0
BRDA:270,9,1,0
BRDA:276,10,0,0
BRDA:276,10,1,0
BRDA:283,11,0,0
BRDA:283,11,1,0
BRDA:290,12,0,0
BRDA:290,12,1,0
BRDA:336,13,0,0
BRDA:336,13,1,0
BRDA:337,14,0,0
BRDA:337,14,1,0
BRDA:338,15,0,0
BRDA:338,15,1,0
BRDA:339,16,0,0
BRDA:339,16,1,0
BRDA:349,17,0,0
BRDA:349,17,1,0
BRDA:363,18,0,0
BRDA:363,18,1,0
BRDA:371,19,0,0
BRDA:371,19,1,0
BRF:40
BRH:0
end_of_record
TN:
SF:app\utils\CameraIntegration.ts
FN:17,(anonymous_0)
FN:24,(anonymous_1)
FN:36,(anonymous_2)
FN:66,(anonymous_3)
FN:98,(anonymous_4)
FN:129,(anonymous_5)
FN:144,(anonymous_6)
FN:157,(anonymous_7)
FNF:8
FNH:0
FNDA:0,(anonymous_0)
FNDA:0,(anonymous_1)
FNDA:0,(anonymous_2)
FNDA:0,(anonymous_3)
FNDA:0,(anonymous_4)
FNDA:0,(anonymous_5)
FNDA:0,(anonymous_6)
FNDA:0,(anonymous_7)
DA:18,0
DA:19,0
DA:21,0
DA:25,0
DA:26,0
DA:27,0
DA:29,0
DA:31,0
DA:32,0
DA:37,0
DA:38,0
DA:39,0
DA:40,0
DA:43,0
DA:50,0
DA:51,0
DA:52,0
DA:59,0
DA:61,0
DA:62,0
DA:67,0
DA:68,0
DA:69,0
DA:70,0
DA:73,0
DA:81,0
DA:82,0
DA:83,0
DA:91,0
DA:93,0
DA:94,0
DA:99,0
DA:100,0
DA:101,0
DA:102,0
DA:105,0
DA:112,0
DA:113,0
DA:114,0
DA:122,0
DA:124,0
DA:125,0
DA:130,0
DA:131,0
DA:132,0
DA:133,0
DA:136,0
DA:137,0
DA:139,0
DA:140,0
DA:145,0
DA:146,0
DA:147,0
DA:148,0
DA:151,0
DA:157,0
DA:164,0
DA:165,0
LF:58
LH:0
BRDA:18,0,0,0
BRDA:18,0,1,0
BRDA:29,1,0,0
BRDA:29,1,1,0
BRDA:39,2,0,0
BRDA:39,2,1,0
BRDA:50,3,0,0
BRDA:50,3,1,0
BRDA:50,4,0,0
BRDA:50,4,1,0
BRDA:50,4,2,0
BRDA:69,5,0,0
BRDA:69,5,1,0
BRDA:81,6,0,0
BRDA:81,6,1,0
BRDA:81,7,0,0
BRDA:81,7,1,0
BRDA:81,7,2,0
BRDA:101,8,0,0
BRDA:101,8,1,0
BRDA:112,9,0,0
BRDA:112,9,1,0
BRDA:112,10,0,0
BRDA:112,10,1,0
BRDA:112,10,2,0
BRDA:116,11,0,0
BRDA:116,11,1,0
BRDA:132,12,0,0
BRDA:132,12,1,0
BRDA:144,13,0,0
BRDA:147,14,0,0
BRDA:147,14,1,0
BRF:32
BRH:0
end_of_record
TN:
SF:app\utils\EnhancedContacts.ts
FN:50,(anonymous_0)
FN:57,(anonymous_1)
FN:67,(anonymous_2)
FN:101,(anonymous_3)
FN:112,(anonymous_4)
FN:118,(anonymous_5)
FN:123,(anonymous_6)
FN:126,(anonymous_7)
FN:138,(anonymous_8)
FN:144,(anonymous_9)
FN:154,(anonymous_10)
FN:163,(anonymous_11)
FN:170,(anonymous_12)
FN:177,(anonymous_13)
FN:189,(anonymous_14)
FN:192,(anonymous_15)
FN:199,(anonymous_16)
FN:202,(anonymous_17)
FN:209,(anonymous_18)
FN:213,(anonymous_19)
FN:214,(anonymous_20)
FN:222,(anonymous_21)
FN:239,(anonymous_22)
FN:256,(anonymous_23)
FN:262,(anonymous_24)
FN:267,(anonymous_25)
FN:272,(anonymous_26)
FN:291,(anonymous_27)
FNF:28
FNH:0
FNDA:0,(anonymous_0)
FNDA:0,(anonymous_1)
FNDA:0,(anonymous_2)
FNDA:0,(anonymous_3)
FNDA:0,(anonymous_4)
FNDA:0,(anonymous_5)
FNDA:0,(anonymous_6)
FNDA:0,(anonymous_7)
FNDA:0,(anonymous_8)
FNDA:0,(anonymous_9)
FNDA:0,(anonymous_10)
FNDA:0,(anonymous_11)
FNDA:0,(anonymous_12)
FNDA:0,(anonymous_13)
FNDA:0,(anonymous_14)
FNDA:0,(anonymous_15)
FNDA:0,(anonymous_16)
FNDA:0,(anonymous_17)
FNDA:0,(anonymous_18)
FNDA:0,(anonymous_19)
FNDA:0,(anonymous_20)
FNDA:0,(anonymous_21)
FNDA:0,(anonymous_22)
FNDA:0,(anonymous_23)
FNDA:0,(anonymous_24)
FNDA:0,(anonymous_25)
FNDA:0,(anonymous_26)
FNDA:0,(anonymous_27)
DA:46,0
DA:47,0
DA:48,0
DA:51,0
DA:52,0
DA:54,0
DA:58,0
DA:59,0
DA:60,0
DA:62,0
DA:63,0
DA:68,0
DA:69,0
DA:70,0
DA:71,0
DA:75,0
DA:76,0
DA:77,0
DA:80,0
DA:100,0
DA:101,0
DA:102,0
DA:105,0
DA:107,0
DA:108,0
DA:113,0
DA:114,0
DA:115,0
DA:117,0
DA:118,0
DA:119,0
DA:120,0
DA:121,0
DA:122,0
DA:123,0
DA:124,0
DA:126,0
DA:127,0
DA:130,0
DA:133,0
DA:134,0
DA:139,0
DA:140,0
DA:141,0
DA:144,0
DA:145,0
DA:146,0
DA:147,0
DA:149,0
DA:153,0
DA:154,0
DA:155,0
DA:156,0
DA:157,0
DA:159,0
DA:163,0
DA:164,0
DA:165,0
DA:169,0
DA:170,0
DA:171,0
DA:173,0
DA:174,0
DA:177,0
DA:184,0
DA:185,0
DA:190,0
DA:191,0
DA:192,0
DA:194,0
DA:195,0
DA:200,0
DA:201,0
DA:202,0
DA:204,0
DA:205,0
DA:210,0
DA:211,0
DA:212,0
DA:213,0
DA:214,0
DA:217,0
DA:218,0
DA:223,0
DA:224,0
DA:225,0
DA:226,0
DA:231,0
DA:232,0
DA:234,0
DA:235,0
DA:240,0
DA:241,0
DA:242,0
DA:243,0
DA:248,0
DA:249,0
DA:251,0
DA:252,0
DA:257,0
DA:262,0
DA:267,0
DA:272,0
DA:292,0
DA:293,0
LF:105
LH:0
BRDA:51,0,0,0
BRDA:51,0,1,0
BRDA:70,1,0,0
BRDA:70,1,1,0
BRDA:76,2,0,0
BRDA:76,2,1,0
BRDA:76,3,0,0
BRDA:76,3,1,0
BRDA:100,4,0,0
BRDA:100,4,1,0
BRDA:115,5,0,0
BRDA:115,5,1,0
BRDA:130,6,0,0
BRDA:130,6,1,0
BRDA:130,6,2,0
BRDA:130,6,3,0
BRDA:130,6,4,0
BRDA:130,6,5,0
BRDA:145,7,0,0
BRDA:145,7,1,0
BRDA:146,8,0,0
BRDA:146,8,1,0
BRDA:156,9,0,0
BRDA:156,9,1,0
BRDA:164,10,0,0
BRDA:164,10,1,0
BRDA:171,11,0,0
BRDA:171,11,1,0
BRDA:173,12,0,0
BRDA:173,12,1,0
BRDA:192,13,0,0
BRDA:192,13,1,0
BRDA:209,14,0,0
BRDA:214,15,0,0
BRDA:214,15,1,0
BRDA:214,16,0,0
BRDA:214,16,1,0
BRDA:225,17,0,0
BRDA:225,17,1,0
BRDA:242,18,0,0
BRDA:242,18,1,0
BRDA:259,19,0,0
BRDA:259,19,1,0
BRDA:259,20,0,0
BRDA:259,20,1,0
BRDA:259,21,0,0
BRDA:259,21,1,0
BRF:47
BRH:0
end_of_record
TN:
SF:app\utils\LocationService.ts
FN:40,(anonymous_0)
FN:47,(anonymous_1)
FN:66,(anonymous_2)
FN:68,(anonymous_3)
FN:84,(anonymous_4)
FN:104,(anonymous_5)
FN:141,(anonymous_6)
FN:153,(anonymous_7)
FN:176,(anonymous_8)
FN:189,(anonymous_9)
FN:209,(anonymous_10)
FN:235,(anonymous_11)
FN:255,(anonymous_12)
FN:273,(anonymous_13)
FN:277,(anonymous_14)
FN:281,(anonymous_15)
FN:288,(anonymous_16)
FN:289,(anonymous_17)
FN:313,(anonymous_18)
FN:317,(anonymous_19)
FN:321,(anonymous_20)
FN:332,(anonymous_21)
FN:347,(anonymous_22)
FN:361,(anonymous_23)
FNF:24
FNH:0
FNDA:0,(anonymous_0)
FNDA:0,(anonymous_1)
FNDA:0,(anonymous_2)
FNDA:0,(anonymous_3)
FNDA:0,(anonymous_4)
FNDA:0,(anonymous_5)
FNDA:0,(anonymous_6)
FNDA:0,(anonymous_7)
FNDA:0,(anonymous_8)
FNDA:0,(anonymous_9)
FNDA:0,(anonymous_10)
FNDA:0,(anonymous_11)
FNDA:0,(anonymous_12)
FNDA:0,(anonymous_13)
FNDA:0,(anonymous_14)
FNDA:0,(anonymous_15)
FNDA:0,(anonymous_16)
FNDA:0,(anonymous_17)
FNDA:0,(anonymous_18)
FNDA:0,(anonymous_19)
FNDA:0,(anonymous_20)
FNDA:0,(anonymous_21)
FNDA:0,(anonymous_22)
FNDA:0,(anonymous_23)
DA:35,0
DA:36,0
DA:37,0
DA:38,0
DA:41,0
DA:42,0
DA:44,0
DA:48,0
DA:50,0
DA:53,0
DA:56,0
DA:59,0
DA:62,0
DA:67,0
DA:68,0
DA:69,0
DA:70,0
DA:71,0
DA:74,0
DA:75,0
DA:76,0
DA:80,0
DA:85,0
DA:86,0
DA:87,0
DA:89,0
DA:95,0
DA:96,0
DA:105,0
DA:106,0
DA:112,0
DA:123,0
DA:124,0
DA:128,0
DA:130,0
DA:133,0
DA:134,0
DA:136,0
DA:137,0
DA:142,0
DA:143,0
DA:144,0
DA:147,0
DA:154,0
DA:159,0
DA:160,0
DA:161,0
DA:172,0
DA:177,0
DA:178,0
DA:179,0
DA:180,0
DA:183,0
DA:185,0
DA:190,0
DA:200,0
DA:203,0
DA:206,0
DA:210,0
DA:211,0
DA:216,0
DA:217,0
DA:218,0
DA:225,0
DA:228,0
DA:230,0
DA:231,0
DA:236,0
DA:237,0
DA:239,0
DA:240,0
DA:241,0
DA:248,0
DA:250,0
DA:251,0
DA:261,0
DA:262,0
DA:266,0
DA:268,0
DA:269,0
DA:274,0
DA:278,0
DA:282,0
DA:283,0
DA:284,0
DA:289,0
DA:290,0
DA:292,0
DA:299,0
DA:301,0
DA:302,0
DA:306,0
DA:307,0
DA:314,0
DA:318,0
DA:322,0
DA:325,0
DA:327,0
DA:328,0
DA:337,0
DA:340,0
DA:342,0
DA:343,0
DA:351,0
DA:354,0
DA:356,0
DA:357,0
DA:362,0
DA:363,0
DA:364,0
LF:110
LH:0
BRDA:41,0,0,0
BRDA:41,0,1,0
BRDA:69,1,0,0
BRDA:69,1,1,0
BRDA:74,2,0,0
BRDA:74,2,1,0
BRDA:143,3,0,0
BRDA:143,3,1,0
BRDA:160,4,0,0
BRDA:160,4,1,0
BRDA:178,5,0,0
BRDA:178,5,1,0
BRDA:216,6,0,0
BRDA:216,6,1,0
BRDA:239,7,0,0
BRDA:239,7,1,0
BRDA:283,8,0,0
BRDA:283,8,1,0
BRDA:290,9,0,0
BRDA:290,9,1,0
BRDA:299,10,0,0
BRDA:299,10,1,0
BRDA:301,11,0,0
BRDA:301,11,1,0
BRDA:306,12,0,0
BRDA:306,12,1,0
BRDA:321,13,0,0
BRDA:335,14,0,0
BRF:28
BRH:0
end_of_record
TN:
SF:app\utils\NotificationSystem.ts
FN:35,(anonymous_0)
FN:42,(anonymous_1)
FN:46,(anonymous_2)
FN:87,(anonymous_3)
FN:200,(anonymous_4)
FN:238,(anonymous_5)
FN:270,(anonymous_6)
FN:292,(anonymous_7)
FN:300,(anonymous_8)
FN:308,(anonymous_9)
FN:317,(anonymous_10)
FN:326,(anonymous_11)
FN:334,(anonymous_12)
FN:353,(anonymous_13)
FN:385,(anonymous_14)
FN:393,(anonymous_15)
FN:406,(anonymous_16)
FN:412,(anonymous_17)
FN:418,(anonymous_18)
FN:424,(anonymous_19)
FN:430,(anonymous_20)
FNF:21
FNH:0
FNDA:0,(anonymous_0)
FNDA:0,(anonymous_1)
FNDA:0,(anonymous_2)
FNDA:0,(anonymous_3)
FNDA:0,(anonymous_4)
FNDA:0,(anonymous_5)
FNDA:0,(anonymous_6)
FNDA:0,(anonymous_7)
FNDA:0,(anonymous_8)
FNDA:0,(anonymous_9)
FNDA:0,(anonymous_10)
FNDA:0,(anonymous_11)
FNDA:0,(anonymous_12)
FNDA:0,(anonymous_13)
FNDA:0,(anonymous_14)
FNDA:0,(anonymous_15)
FNDA:0,(anonymous_16)
FNDA:0,(anonymous_17)
FNDA:0,(anonymous_18)
FNDA:0,(anonymous_19)
FNDA:0,(anonymous_20)
DA:33,0
DA:36,0
DA:37,0
DA:39,0
DA:43,0
DA:45,0
DA:46,0
DA:54,0
DA:55,0
DA:56,0
DA:58,0
DA:59,0
DA:60,0
DA:63,0
DA:64,0
DA:69,0
DA:72,0
DA:73,0
DA:77,0
DA:80,0
DA:83,0
DA:88,0
DA:89,0
DA:139,0
DA:140,0
DA:158,0
DA:176,0
DA:196,0
DA:201,0
DA:202,0
DA:209,0
DA:217,0
DA:225,0
DA:234,0
DA:239,0
DA:240,0
DA:241,0
DA:244,0
DA:250,0
DA:263,0
DA:265,0
DA:266,0
DA:271,0
DA:272,0
DA:285,0
DA:287,0
DA:288,0
DA:293,0
DA:294,0
DA:296,0
DA:301,0
DA:302,0
DA:304,0
DA:309,0
DA:310,0
DA:312,0
DA:313,0
DA:318,0
DA:319,0
DA:321,0
DA:322,0
DA:327,0
DA:328,0
DA:330,0
DA:335,0
DA:337,0
DA:339,0
DA:341,0
DA:343,0
DA:345,0
DA:347,0
DA:349,0
DA:353,0
DA:354,0
DA:355,0
DA:357,0
DA:364,0
DA:366,0
DA:367,0
DA:369,0
DA:370,0
DA:372,0
DA:373,0
DA:375,0
DA:376,0
DA:378,0
DA:379,0
DA:381,0
DA:385,0
DA:386,0
DA:395,0
DA:396,0
DA:408,0
DA:414,0
DA:420,0
DA:426,0
DA:431,0
LF:97
LH:0
BRDA:36,0,0,0
BRDA:36,0,1,0
BRDA:54,1,0,0
BRDA:54,1,1,0
BRDA:58,2,0,0
BRDA:58,2,1,0
BRDA:63,3,0,0
BRDA:63,3,1,0
BRDA:72,4,0,0
BRDA:72,4,1,0
BRDA:240,5,0,0
BRDA:240,5,1,0
BRDA:247,6,0,0
BRDA:247,6,1,0
BRDA:255,7,0,0
BRDA:255,7,1,0
BRDA:256,8,0,0
BRDA:256,8,1,0
BRDA:277,9,0,0
BRDA:277,9,1,0
BRDA:278,10,0,0
BRDA:278,10,1,0
BRDA:335,11,0,0
BRDA:335,11,1,0
BRDA:335,11,2,0
BRDA:335,11,3,0
BRDA:335,11,4,0
BRDA:335,11,5,0
BRDA:335,11,6,0
BRDA:364,12,0,0
BRDA:364,12,1,0
BRDA:364,12,2,0
BRDA:364,12,3,0
BRDA:364,12,4,0
BRDA:364,12,5,0
BRDA:398,13,0,0
BRDA:398,13,1,0
BRDA:399,14,0,0
BRDA:399,14,1,0
BRF:39
BRH:0
end_of_record
TN:
SF:app\utils\SystemMonitor.ts
FN:68,(anonymous_0)
FN:75,(anonymous_1)
FN:94,(anonymous_2)
FN:110,(anonymous_3)
FN:125,(anonymous_4)
FN:141,(anonymous_5)
FN:158,(anonymous_6)
FN:161,(anonymous_7)
FN:173,(anonymous_8)
FN:183,(anonymous_9)
FN:205,(anonymous_10)
FN:216,(anonymous_11)
FN:227,(anonymous_12)
FN:244,(anonymous_13)
FN:255,(anonymous_14)
FN:259,(anonymous_15)
FN:263,(anonymous_16)
FN:278,(anonymous_17)
FN:282,(anonymous_18)
FN:287,(anonymous_19)
FN:354,(anonymous_20)
FN:370,(anonymous_21)
FN:379,(anonymous_22)
FN:388,(anonymous_23)
FN:398,(anonymous_24)
FN:408,(anonymous_25)
FN:417,(anonymous_26)
FN:426,(anonymous_27)
FN:435,(anonymous_28)
FN:448,(anonymous_29)
FN:457,(anonymous_30)
FN:466,(anonymous_31)
FNF:32
FNH:0
FNDA:0,(anonymous_0)
FNDA:0,(anonymous_1)
FNDA:0,(anonymous_2)
FNDA:0,(anonymous_3)
FNDA:0,(anonymous_4)
FNDA:0,(anonymous_5)
FNDA:0,(anonymous_6)
FNDA:0,(anonymous_7)
FNDA:0,(anonymous_8)
FNDA:0,(anonymous_9)
FNDA:0,(anonymous_10)
FNDA:0,(anonymous_11)
FNDA:0,(anonymous_12)
FNDA:0,(anonymous_13)
FNDA:0,(anonymous_14)
FNDA:0,(anonymous_15)
FNDA:0,(anonymous_16)
FNDA:0,(anonymous_17)
FNDA:0,(anonymous_18)
FNDA:0,(anonymous_19)
FNDA:0,(anonymous_20)
FNDA:0,(anonymous_21)
FNDA:0,(anonymous_22)
FNDA:0,(anonymous_23)
FNDA:0,(anonymous_24)
FNDA:0,(anonymous_25)
FNDA:0,(anonymous_26)
FNDA:0,(anonymous_27)
FNDA:0,(anonymous_28)
FNDA:0,(anonymous_29)
FNDA:0,(anonymous_30)
FNDA:0,(anonymous_31)
DA:59,0
DA:60,0
DA:61,0
DA:63,0
DA:64,0
DA:65,0
DA:66,0
DA:69,0
DA:70,0
DA:72,0
DA:76,0
DA:78,0
DA:81,0
DA:84,0
DA:87,0
DA:90,0
DA:95,0
DA:97,0
DA:98,0
DA:99,0
DA:101,0
DA:110,0
DA:111,0
DA:121,0
DA:126,0
DA:128,0
DA:130,0
DA:141,0
DA:142,0
DA:154,0
DA:159,0
DA:161,0
DA:162,0
DA:166,0
DA:169,0
DA:174,0
DA:177,0
DA:179,0
DA:184,0
DA:185,0
DA:193,0
DA:196,0
DA:197,0
DA:201,0
DA:206,0
DA:209,0
DA:211,0
DA:212,0
DA:217,0
DA:220,0
DA:222,0
DA:223,0
DA:228,0
DA:229,0
DA:231,0
DA:232,0
DA:234,0
DA:235,0
DA:237,0
DA:239,0
DA:240,0
DA:245,0
DA:248,0
DA:250,0
DA:251,0
DA:256,0
DA:260,0
DA:264,0
DA:279,0
DA:283,0
DA:284,0
DA:288,0
DA:289,0
DA:290,0
DA:293,0
DA:294,0
DA:295,0
DA:296,0
DA:297,0
DA:298,0
DA:300,0
DA:301,0
DA:303,0
DA:304,0
DA:307,0
DA:308,0
DA:311,0
DA:312,0
DA:313,0
DA:314,0
DA:315,0
DA:316,0
DA:317,0
DA:319,0
DA:320,0
DA:323,0
DA:324,0
DA:327,0
DA:328,0
DA:329,0
DA:330,0
[...]
BRDA:343,25,1,0
BRDA:345,26,0,0
BRDA:345,26,1,0
BRDA:367,27,0,0
BRDA:367,27,1,0
BRDA:369,28,0,0
BRDA:369,28,1,0
BRDA:383,29,0,0
BRDA:383,29,1,0
BRDA:383,29,2,0
BRDA:383,29,3,0
BRDA:396,30,0,0
BRDA:396,30,1,0
BRDA:396,30,2,0
BRDA:396,30,3,0
BRDA:396,30,4,0
BRDA:412,31,0,0
BRDA:412,31,1,0
BRDA:414,32,0,0
BRDA:414,32,1,0
BRDA:414,32,2,0
BRDA:414,32,3,0
BRDA:414,32,4,0
BRDA:416,33,0,0
BRDA:416,33,1,0
BRDA:418,34,0,0
BRDA:418,34,1,0
BRDA:420,35,0,0
BRDA:420,35,1,0
BRDA:422,36,0,0
BRDA:422,36,1,0
BRDA:424,37,0,0
BRDA:424,37,1,0
BRDA:430,38,0,0
BRDA:430,38,1,0
BRDA:433,39,0,0
BRDA:433,39,1,0
BRDA:433,40,0,0
BRDA:433,40,1,0
BRDA:440,41,0,0
BRDA:440,41,1,0
BRDA:443,42,0,0
BRDA:443,42,1,0
BRDA:443,42,2,0
BRDA:443,42,3,0
BRDA:481,43,0,0
BRDA:481,43,1,0
BRDA:494,44,0,0
BRDA:494,44,1,0
BRDA:498,45,0,0
BRDA:498,45,1,0
BRDA:500,46,0,0
BRDA:500,46,1,0
BRDA:509,47,0,0
BRDA:509,47,1,0
BRDA:516,48,0,0
BRDA:516,48,1,0
BRDA:532,49,0,0
BRDA:532,49,1,0
BRDA:549,50,0,0
BRDA:549,50,1,0
BRDA:558,51,0,0
BRDA:558,51,1,0
BRDA:565,52,0,0
BRDA:565,52,1,0
BRDA:581,53,0,0
BRDA:581,53,1,0
BRF:130
BRH:0
end_of_record
TN:
SF:components\UITester.tsx
FN:40,(anonymous_0)
FN:44,(anonymous_1)
FN:63,(anonymous_2)
FN:64,(anonymous_3)
FN:72,(anonymous_4)
FN:77,(anonymous_5)
FN:113,(anonymous_6)
FN:156,(anonymous_7)
FN:164,(anonymous_8)
FN:174,(anonymous_9)
FN:198,(anonymous_10)
FN:224,(anonymous_11)
FN:233,(anonymous_12)
FN:234,(anonymous_13)
FN:237,(anonymous_14)
FN:245,(anonymous_15)
FN:274,(anonymous_16)
FN:279,(anonymous_17)
FN:283,(anonymous_18)
FN:284,(anonymous_19)
FN:294,(anonymous_20)
FN:305,(anonymous_21)
FN:310,(anonymous_22)
FN:332,(anonymous_23)
FN:341,(anonymous_24)
FN:349,(anonymous_25)
FN:352,(anonymous_26)
FN:354,(anonymous_27)
FN:354,(anonymous_28)
FN:358,(anonymous_29)
FN:358,(anonymous_30)
FN:362,(anonymous_31)
FN:362,(anonymous_32)
FN:366,(anonymous_33)
FN:366,(anonymous_34)
FNF:35
FNH:34
FNDA:1,(anonymous_0)
FNDA:1,(anonymous_1)
FNDA:10,(anonymous_2)
FNDA:53,(anonymous_3)
FNDA:3,(anonymous_4)
FNDA:160,(anonymous_5)
FNDA:154,(anonymous_6)
FNDA:304,(anonymous_7)
FNDA:155,(anonymous_8)
FNDA:860,(anonymous_9)
FNDA:14,(anonymous_10)
FNDA:14,(anonymous_11)
FNDA:140,(anonymous_12)
FNDA:140,(anonymous_13)
FNDA:140,(anonymous_14)
FNDA:12,(anonymous_15)
FNDA:1,(anonymous_16)
FNDA:1,(anonymous_17)
FNDA:171,(anonymous_18)
FNDA:171,(anonymous_19)
FNDA:1020,(anonymous_20)
FNDA:160,(anonymous_21)
FNDA:160,(anonymous_22)
FNDA:0,(anonymous_23)
FNDA:154,(anonymous_24)
FNDA:1,(anonymous_25)
FNDA:171,(anonymous_26)
FNDA:58,(anonymous_27)
FNDA:206,(anonymous_28)
FNDA:1,(anonymous_29)
FNDA:1,(anonymous_30)
FNDA:58,(anonymous_31)
FNDA:206,(anonymous_32)
FNDA:58,(anonymous_33)
FNDA:206,(anonymous_34)
DA:18,1
DA:38,1
DA:41,1
DA:45,1
DA:46,1
DA:49,1
DA:50,1
DA:52,1
DA:53,10
DA:54,10
DA:55,6
DA:56,6
DA:60,1
DA:64,53
DA:65,10
DA:66,9
DA:68,1
DA:73,3
DA:78,160
DA:80,160
DA:82,160
DA:83,160
DA:85,160
DA:94,160
DA:95,160
DA:98,0
DA:107,0
DA:108,0
DA:114,154
DA:117,154
DA:118,152
DA:125,154
DA:126,152
DA:134,154
DA:135,0
DA:143,154
DA:144,0
DA:151,154
DA:156,304
DA:159,154
DA:160,154
DA:165,155
DA:167,155
DA:168,860
DA:169,860
DA:170,860
DA:171,860
DA:174,860
DA:175,155
DA:176,155
DA:178,155
DA:193,155
DA:194,155
DA:199,14
DA:201,14
DA:202,140
DA:203,140
DA:205,140
DA:206,140
DA:207,140
DA:209,140
DA:221,140
DA:224,14
DA:226,14
DA:233,140
DA:234,140
DA:237,140
DA:240,14
DA:241,14
DA:246,12
DA:248,12
DA:249,12
DA:250,12
DA:251,12
DA:253,12
DA:260,12
DA:275,1
DA:280,1
DA:283,171
DA:284,171
DA:291,1
DA:297,1020
DA:307,160
DA:311,160
DA:313,160
DA:314,0
DA:321,160
DA:322,0
DA:329,160
DA:334,0
DA:336,0
DA:338,0
DA:343,154
DA:344,154
DA:345,0
DA:350,1
DA:352,171
DA:354,206
DA:355,0
DA:358,1
DA:359,1
DA:362,206
DA:363,0
DA:366,206
DA:367,0
DA:370,1
DA:443,1
LF:107
LH:93
BRDA:41,0,0,1
BRDA:41,0,1,1
BRDA:54,1,0,6
BRDA:54,1,1,4
BRDA:65,2,0,9
BRDA:65,2,1,1
BRDA:77,3,0,7
BRDA:86,4,0,160
BRDA:86,4,1,1
BRDA:99,5,0,0
BRDA:99,5,1,0
BRDA:113,6,0,0
BRDA:117,7,0,152
BRDA:117,7,1,2
BRDA:125,8,0,152
BRDA:125,8,1,2
BRDA:125,9,0,154
BRDA:125,9,1,152
BRDA:134,10,0,0
BRDA:134,10,1,154
BRDA:134,11,0,154
BRDA:134,11,1,0
BRDA:143,12,0,0
BRDA:143,12,1,154
BRDA:152,13,0,154
BRDA:152,13,1,0
BRDA:164,14,0,0
BRDA:164,15,0,12
BRDA:174,16,0,154
BRDA:174,16,1,1
BRDA:175,17,0,154
BRDA:175,17,1,1
BRDA:176,18,0,154
BRDA:176,18,1,1
BRDA:179,19,0,155
BRDA:179,19,1,0
BRDA:186,20,0,0
BRDA:186,20,1,155
BRDA:198,21,0,2
BRDA:224,22,0,14
BRDA:224,22,1,14
BRDA:224,22,2,0
BRDA:227,23,0,14
BRDA:227,23,1,0
BRDA:233,24,0,140
BRDA:233,24,1,140
BRDA:233,24,2,0
BRDA:234,25,0,140
BRDA:234,25,1,140
BRDA:234,25,2,0
BRDA:245,26,0,12
BRDA:246,27,0,12
BRDA:246,27,1,0
BRDA:254,28,0,12
BRDA:254,28,1,0
BRDA:256,29,0,12
BRDA:256,29,1,0
BRDA:257,30,0,0
BRDA:257,30,1,12
BRDA:261,31,0,12
BRDA:261,31,1,0
BRDA:283,32,0,171
BRDA:283,32,1,171
BRDA:284,33,0,171
BRDA:284,33,1,171
BRDA:307,34,0,160
BRDA:307,34,1,160
BRDA:313,35,0,0
BRDA:313,35,1,160
BRDA:321,36,0,0
BRDA:321,36,1,160
BRDA:334,37,0,0
BRDA:334,37,1,0
BRDA:334,38,0,0
BRDA:334,38,1,0
BRDA:344,39,0,154
BRDA:344,39,1,0
BRDA:345,40,0,0
BRDA:345,40,1,0
BRDA:345,40,2,0
BRDA:345,40,3,0
BRDA:345,40,4,0
BRDA:345,40,5,0
BRDA:352,41,0,171
BRDA:352,41,1,171
BRDA:354,42,0,0
BRDA:354,42,1,1
BRDA:354,43,0,58
BRDA:354,43,1,58
BRDA:358,44,0,1
BRDA:358,44,1,0
BRDA:358,45,0,1
BRDA:358,45,1,1
BRDA:362,46,0,0
BRDA:362,46,1,1
BRDA:362,47,0,58
BRDA:362,47,1,58
BRDA:366,48,0,0
BRDA:366,48,1,1
BRDA:366,49,0,58
BRDA:366,49,1,58
BRF:101
BRH:65
end_of_record
TN:
SF:components\UserProfileManager.tsx
FN:59,(anonymous_0)
FN:73,(anonymous_1)
FN:77,(anonymous_2)
FN:114,(anonymous_3)
FN:121,(anonymous_4)
FN:149,(anonymous_5)
FN:158,(anonymous_6)
FN:179,(anonymous_7)
FN:185,(anonymous_8)
FN:234,(anonymous_9)
FN:260,(anonymous_10)
FN:280,(anonymous_11)
FN:289,(anonymous_12)
FN:319,(anonymous_13)
FN:319,(anonymous_14)
FN:342,(anonymous_15)
FN:342,(anonymous_16)
FN:367,(anonymous_17)
FN:367,(anonymous_18)
FN:399,(anonymous_19)
FN:428,(anonymous_20)
FNF:21
FNH:0
FNDA:0,(anonymous_0)
FNDA:0,(anonymous_1)
FNDA:0,(anonymous_2)
FNDA:0,(anonymous_3)
FNDA:0,(anonymous_4)
FNDA:0,(anonymous_5)
FNDA:0,(anonymous_6)
FNDA:0,(anonymous_7)
FNDA:0,(anonymous_8)
FNDA:0,(anonymous_9)
FNDA:0,(anonymous_10)
FNDA:0,(anonymous_11)
FNDA:0,(anonymous_12)
FNDA:0,(anonymous_13)
FNDA:0,(anonymous_14)
FNDA:0,(anonymous_15)
FNDA:0,(anonymous_16)
FNDA:0,(anonymous_17)
FNDA:0,(anonymous_18)
FNDA:0,(anonymous_19)
FNDA:0,(anonymous_20)
DA:26,0
DA:59,0
DA:65,0
DA:66,0
DA:67,0
DA:68,0
DA:69,0
DA:70,0
DA:73,0
DA:74,0
DA:77,0
DA:78,0
DA:79,0
DA:82,0
DA:104,0
DA:105,0
DA:107,0
DA:108,0
DA:110,0
DA:114,0
DA:115,0
DA:116,0
DA:118,0
DA:121,0
DA:122,0
DA:123,0
DA:124,0
DA:129,0
DA:132,0
DA:133,0
DA:147,0
DA:148,0
DA:149,0
DA:150,0
DA:153,0
DA:154,0
DA:158,0
DA:159,0
DA:161,0
DA:162,0
DA:163,0
DA:166,0
DA:167,0
DA:169,0
DA:170,0
DA:172,0
DA:173,0
DA:175,0
DA:179,0
DA:180,0
DA:182,0
DA:183,0
DA:185,0
DA:195,0
DA:196,0
DA:206,0
DA:207,0
DA:224,0
DA:234,0
DA:260,0
DA:280,0
DA:289,0
DA:319,0
DA:342,0
DA:367,0
DA:399,0
DA:428,0
DA:484,0
LF:68
LH:0
BRDA:60,0,0,0
BRDA:118,1,0,0
BRDA:118,1,1,0
BRDA:121,2,0,0
BRDA:123,3,0,0
BRDA:123,3,1,0
BRDA:133,4,0,0
BRDA:133,4,1,0
BRDA:147,5,0,0
BRDA:147,5,1,0
BRDA:147,6,0,0
BRDA:147,6,1,0
BRDA:159,7,0,0
BRDA:159,7,1,0
BRDA:180,8,0,0
BRDA:180,8,1,0
BRDA:183,9,0,0
BRDA:183,9,1,0
BRDA:195,10,0,0
BRDA:195,10,1,0
BRDA:206,11,0,0
BRDA:206,11,1,0
BRDA:234,12,0,0
BRDA:234,12,1,0
BRDA:238,13,0,0
BRDA:238,13,1,0
BRDA:242,14,0,0
BRDA:242,14,1,0
BRDA:251,15,0,0
BRDA:251,15,1,0
BRDA:254,16,0,0
BRDA:254,16,1,0
BRDA:260,17,0,0
BRDA:260,17,1,0
BRDA:263,18,0,0
BRDA:263,18,1,0
BRDA:267,19,0,0
BRDA:267,19,1,0
BRDA:276,20,0,0
BRDA:276,20,1,0
BRDA:311,21,0,0
BRDA:311,21,1,0
BRDA:318,22,0,0
BRDA:318,22,1,0
BRDA:334,23,0,0
BRDA:334,23,1,0
BRDA:341,24,0,0
BRDA:341,24,1,0
BRDA:350,25,0,0
BRDA:350,25,1,0
BRDA:359,26,0,0
BRDA:359,26,1,0
BRDA:366,27,0,0
BRDA:366,27,1,0
BRDA:373,28,0,0
BRDA:373,28,1,0
BRDA:393,29,0,0
BRDA:393,29,1,0
BRDA:393,30,0,0
BRDA:393,30,1,0
BRDA:407,31,0,0
BRDA:407,31,1,0
BRDA:407,32,0,0
BRDA:407,32,1,0
BRDA:422,33,0,0
BRDA:422,33,1,0
BRDA:422,34,0,0
BRDA:422,34,1,0
BRDA:436,35,0,0
BRDA:436,35,1,0
BRDA:436,36,0,0
BRDA:436,36,1,0
BRF:72
BRH:0
end_of_record
TN:
SF:components\VideoPlayer.tsx
FN:82,(anonymous_0)
FN:112,(anonymous_1)
FN:114,(anonymous_2)
FN:117,(anonymous_3)
FN:122,(anonymous_4)
FN:149,(anonymous_5)
FN:151,(anonymous_6)
FN:166,(anonymous_7)
FN:190,(anonymous_8)
FN:196,(anonymous_9)
FN:202,(anonymous_10)
FN:209,(anonymous_11)
FN:211,(anonymous_12)
FN:219,(anonymous_13)
FN:221,(anonymous_14)
FN:229,(anonymous_15)
FN:236,(anonymous_16)
FN:243,(anonymous_17)
FN:250,(anonymous_18)
FN:258,(anonymous_19)
FN:267,(anonymous_20)
FN:278,(anonymous_21)
FN:279,(anonymous_22)
FN:283,(anonymous_23)
FN:290,(anonymous_24)
FN:300,(anonymous_25)
FN:307,(anonymous_26)
FN:495,(anonymous_27)
FN:548,(anonymous_28)
FN:549,(anonymous_29)
FN:600,(anonymous_30)
FN:633,(anonymous_31)
FNF:32
FNH:0
FNDA:0,(anonymous_0)
FNDA:0,(anonymous_1)
FNDA:0,(anonymous_2)
FNDA:0,(anonymous_3)
FNDA:0,(anonymous_4)
FNDA:0,(anonymous_5)
FNDA:0,(anonymous_6)
FNDA:0,(anonymous_7)
FNDA:0,(anonymous_8)
FNDA:0,(anonymous_9)
FNDA:0,(anonymous_10)
FNDA:0,(anonymous_11)
FNDA:0,(anonymous_12)
FNDA:0,(anonymous_13)
FNDA:0,(anonymous_14)
FNDA:0,(anonymous_15)
FNDA:0,(anonymous_16)
FNDA:0,(anonymous_17)
FNDA:0,(anonymous_18)
FNDA:0,(anonymous_19)
FNDA:0,(anonymous_20)
FNDA:0,(anonymous_21)
FNDA:0,(anonymous_22)
FNDA:0,(anonymous_23)
FNDA:0,(anonymous_24)
FNDA:0,(anonymous_25)
FNDA:0,(anonymous_26)
FNDA:0,(anonymous_27)
FNDA:0,(anonymous_28)
FNDA:0,(anonymous_29)
FNDA:0,(anonymous_30)
FNDA:0,(anonymous_31)
DA:26,0
DA:82,0
DA:98,0
DA:99,0
DA:100,0
DA:101,0
DA:102,0
DA:103,0
DA:104,0
DA:105,0
DA:106,0
DA:107,0
DA:108,0
DA:109,0
DA:112,0
DA:113,0
DA:114,0
DA:115,0
DA:117,0
DA:122,0
DA:123,0
DA:124,0
DA:125,0
DA:127,0
DA:128,0
DA:129,0
DA:130,0
DA:131,0
DA:132,0
DA:134,0
DA:135,0
DA:138,0
DA:139,0
DA:141,0
DA:142,0
DA:143,0
DA:144,0
DA:149,0
DA:150,0
DA:151,0
DA:152,0
DA:153,0
DA:154,0
DA:156,0
DA:157,0
DA:160,0
DA:161,0
DA:166,0
DA:167,0
DA:168,0
DA:169,0
DA:171,0
DA:172,0
DA:178,0
DA:179,0
DA:180,0
DA:182,0
DA:183,0
DA:184,0
DA:185,0
DA:190,0
DA:191,0
DA:192,0
DA:196,0
DA:197,0
DA:198,0
DA:202,0
DA:203,0
DA:204,0
DA:205,0
DA:209,0
DA:210,0
DA:211,0
DA:212,0
DA:213,0
DA:214,0
DA:219,0
DA:220,0
DA:221,0
DA:222,0
DA:223,0
DA:224,0
DA:229,0
DA:230,0
DA:231,0
DA:232,0
DA:236,0
DA:237,0
DA:238,0
DA:239,0
DA:243,0
DA:244,0
DA:245,0
DA:246,0
DA:250,0
DA:251,0
DA:252,0
DA:253,0
DA:254,0
DA:258,0
DA:259,0
DA:260,0
DA:261,0
DA:262,0
DA:267,0
DA:278,0
DA:279,0
DA:283,0
DA:284,0
DA:285,0
DA:290,0
DA:291,0
DA:292,0
DA:293,0
DA:294,0
DA:300,0
DA:301,0
DA:302,0
DA:303,0
DA:307,0
DA:308,0
DA:311,0
DA:446,0
DA:447,0
DA:459,0
DA:460,0
DA:473,0
DA:474,0
DA:485,0
DA:496,0
DA:497,0
DA:498,0
DA:499,0
DA:500,0
DA:501,0
DA:548,0
DA:550,0
DA:551,0
DA:601,0
DA:602,0
DA:603,0
DA:604,0
DA:633,0
DA:641,0
LF:144
LH:0
BRDA:85,0,0,0
BRDA:86,1,0,0
BRDA:87,2,0,0
BRDA:88,3,0,0
BRDA:89,4,0,0
BRDA:90,5,0,0
BRDA:100,6,0,0
BRDA:100,6,1,0
BRDA:109,7,0,0
BRDA:109,7,1,0
BRDA:113,8,0,0
BRDA:113,8,1,0
BRDA:113,9,0,0
BRDA:113,9,1,0
BRDA:123,10,0,0
BRDA:123,10,1,0
BRDA:125,11,0,0
BRDA:125,11,1,0
BRDA:127,12,0,0
BRDA:127,12,1,0
BRDA:130,13,0,0
BRDA:130,13,1,0
BRDA:138,14,0,0
BRDA:138,14,1,0
BRDA:141,15,0,0
BRDA:141,15,1,0
BRDA:150,16,0,0
BRDA:150,16,1,0
BRDA:150,17,0,0
BRDA:150,17,1,0
BRDA:152,18,0,0
BRDA:152,18,1,0
BRDA:171,19,0,0
BRDA:171,19,1,0
BRDA:191,20,0,0
BRDA:191,20,1,0
BRDA:197,21,0,0
BRDA:197,21,1,0
BRDA:203,22,0,0
BRDA:203,22,1,0
BRDA:210,23,0,0
BRDA:210,23,1,0
BRDA:210,24,0,0
BRDA:210,24,1,0
BRDA:212,25,0,0
BRDA:212,25,1,0
BRDA:220,26,0,0
BRDA:220,26,1,0
BRDA:220,27,0,0
BRDA:220,27,1,0
BRDA:222,28,0,0
BRDA:222,28,1,0
BRDA:230,29,0,0
BRDA:230,29,1,0
BRDA:237,30,0,0
BRDA:237,30,1,0
BRDA:244,31,0,0
BRDA:244,31,1,0
BRDA:251,32,0,0
BRDA:251,32,1,0
BRDA:259,33,0,0
BRDA:259,33,1,0
BRDA:284,34,0,0
BRDA:284,34,1,0
BRDA:284,35,0,0
BRDA:284,35,1,0
BRDA:291,36,0,0
BRDA:291,36,1,0
BRDA:293,37,0,0
BRDA:293,37,1,0
BRDA:293,38,0,0
BRDA:293,38,1,0
BRDA:308,39,0,0
BRDA:308,39,1,0
BRDA:314,40,0,0
BRDA:314,40,1,0
BRDA:316,41,0,0
BRDA:316,41,1,0
BRDA:330,42,0,0
BRDA:330,42,1,0
BRDA:339,43,0,0
BRDA:339,43,1,0
BRDA:340,44,0,0
BRDA:340,44,1,0
BRDA:341,45,0,0
BRDA:341,45,1,0
BRDA:446,46,0,0
BRDA:446,46,1,0
BRDA:459,47,0,0
BRDA:459,47,1,0
BRDA:473,48,0,0
BRDA:473,48,1,0
BRDA:496,49,0,0
BRDA:496,49,1,0
BRDA:499,50,0,0
BRDA:499,50,1,0
BRDA:507,51,0,0
BRDA:507,51,1,0
BRDA:507,51,2,0
BRDA:512,52,0,0
BRDA:512,52,1,0
BRDA:521,53,0,0
BRDA:521,53,1,0
BRDA:521,53,2,0
BRDA:525,54,0,0
BRDA:525,54,1,0
BRDA:528,55,0,0
BRDA:528,55,1,0
BRDA:529,56,0,0
BRDA:529,56,1,0
BRDA:537,57,0,0
BRDA:537,57,1,0
BRDA:537,57,2,0
BRDA:540,58,0,0
BRDA:540,58,1,0
BRDA:571,59,0,0
BRDA:571,59,1,0
BRDA:579,60,0,0
BRDA:579,60,1,0
BRDA:582,61,0,0
BRDA:582,61,1,0
BRDA:592,62,0,0
BRDA:592,62,1,0
BRDA:613,63,0,0
BRDA:613,63,1,0
BRDA:616,64,0,0
BRDA:616,64,1,0
BRDA:619,65,0,0
BRDA:619,65,1,0
BRF:129
BRH:0
end_of_record
TN:
SF:components\VideoPlaylistManager.tsx
FN:33,(anonymous_0)
FN:49,(anonymous_1)
FN:54,(anonymous_2)
FN:73,(anonymous_3)
FN:82,(anonymous_4)
FN:83,(anonymous_5)
FN:95,(anonymous_6)
FN:102,(anonymous_7)
FN:108,(anonymous_8)
FN:122,(anonymous_9)
FN:123,(anonymous_10)
FN:132,(anonymous_11)
FN:133,(anonymous_12)
FN:135,(anonymous_13)
FN:142,(anonymous_14)
FN:143,(anonymous_15)
FN:156,(anonymous_16)
FN:167,(anonymous_17)
FN:172,(anonymous_18)
FN:190,(anonymous_19)
FN:229,(anonymous_20)
FN:235,(anonymous_21)
FN:246,(anonymous_22)
FN:264,(anonymous_23)
FN:310,(anonymous_24)
FN:565,(anonymous_25)
FN:581,(anonymous_26)
FN:600,(anonymous_27)
FN:612,(anonymous_28)
FN:629,(anonymous_29)
FN:652,(anonymous_30)
FNF:31
FNH:0
FNDA:0,(anonymous_0)
FNDA:0,(anonymous_1)
FNDA:0,(anonymous_2)
FNDA:0,(anonymous_3)
FNDA:0,(anonymous_4)
FNDA:0,(anonymous_5)
FNDA:0,(anonymous_6)
FNDA:0,(anonymous_7)
FNDA:0,(anonymous_8)
FNDA:0,(anonymous_9)
FNDA:0,(anonymous_10)
FNDA:0,(anonymous_11)
FNDA:0,(anonymous_12)
FNDA:0,(anonymous_13)
FNDA:0,(anonymous_14)
FNDA:0,(anonymous_15)
FNDA:0,(anonymous_16)
FNDA:0,(anonymous_17)
FNDA:0,(anonymous_18)
FNDA:0,(anonymous_19)
FNDA:0,(anonymous_20)
FNDA:0,(anonymous_21)
FNDA:0,(anonymous_22)
FNDA:0,(anonymous_23)
FNDA:0,(anonymous_24)
FNDA:0,(anonymous_25)
FNDA:0,(anonymous_26)
FNDA:0,(anonymous_27)
FNDA:0,(anonymous_28)
FNDA:0,(anonymous_29)
FNDA:0,(anonymous_30)
DA:24,0
DA:33,0
DA:39,0
DA:40,0
DA:41,0
DA:42,0
DA:43,0
DA:44,0
DA:45,0
DA:46,0
DA:49,0
DA:50,0
DA:54,0
DA:55,0
DA:56,0
DA:57,0
DA:60,0
DA:67,0
DA:68,0
DA:69,0
DA:73,0
DA:74,0
DA:83,0
DA:84,0
DA:85,0
DA:86,0
DA:95,0
DA:96,0
DA:97,0
DA:98,0
DA:99,0
DA:102,0
DA:103,0
DA:104,0
DA:105,0
DA:108,0
DA:109,0
DA:114,0
DA:115,0
DA:116,0
DA:117,0
DA:118,0
DA:122,0
DA:123,0
DA:124,0
DA:128,0
DA:132,0
DA:133,0
DA:134,0
DA:135,0
DA:138,0
DA:142,0
DA:143,0
DA:144,0
DA:145,0
DA:146,0
DA:147,0
DA:148,0
DA:150,0
DA:152,0
DA:156,0
DA:157,0
DA:158,0
DA:159,0
DA:162,0
DA:163,0
DA:167,0
DA:168,0
DA:172,0
DA:173,0
DA:174,0
DA:176,0
DA:190,0
DA:229,0
DA:235,0
DA:246,0
DA:247,0
DA:248,0
DA:250,0
DA:264,0
DA:311,0
DA:312,0
DA:324,0
DA:547,0
DA:566,0
DA:567,0
DA:568,0
DA:581,0
DA:600,0
DA:612,0
DA:630,0
DA:631,0
DA:632,0
DA:633,0
DA:653,0
DA:654,0
DA:655,0
DA:656,0
LF:98
LH:0
BRDA:55,0,0,0
BRDA:55,0,1,0
BRDA:85,1,0,0
BRDA:85,1,1,0
BRDA:103,2,0,0
BRDA:103,2,1,0
BRDA:103,3,0,0
BRDA:103,3,1,0
BRDA:109,4,0,0
BRDA:109,4,1,0
BRDA:124,5,0,0
BRDA:124,5,1,0
BRDA:134,6,0,0
BRDA:134,6,1,0
BRDA:144,7,0,0
BRDA:144,7,1,0
BRDA:157,8,0,0
BRDA:157,8,1,0
BRDA:181,9,0,0
BRDA:181,9,1,0
BRDA:184,10,0,0
BRDA:184,10,1,0
BRDA:200,11,0,0
BRDA:200,11,1,0
BRDA:208,12,0,0
BRDA:208,12,1,0
BRDA:223,13,0,0
BRDA:223,13,1,0
BRDA:255,14,0,0
BRDA:255,14,1,0
BRDA:258,15,0,0
BRDA:258,15,1,0
BRDA:275,16,0,0
BRDA:275,16,1,0
BRDA:289,17,0,0
BRDA:289,17,1,0
BRDA:311,18,0,0
BRDA:311,18,1,0
BRDA:549,19,0,0
BRDA:549,19,1,0
BRDA:577,20,0,0
BRDA:577,20,1,0
BRDA:588,21,0,0
BRDA:588,21,1,0
BRDA:608,22,0,0
BRDA:608,22,1,0
BRDA:639,23,0,0
BRDA:639,23,1,0
BRDA:663,24,0,0
BRDA:663,24,1,0
BRDA:666,25,0,0
BRDA:666,25,1,0
BRF:52
BRH:0
end_of_record
TN:
SF:components\CrossDeviceSync\CrossDeviceSyncScreen.tsx
FNF:0
FNH:0
LF:0
LH:0
BRF:0
BRH:0
end_of_record
TN:
SF:components\onboarding\FadeInView.tsx
FN:17,(anonymous_0)
FN:26,(anonymous_1)
FN:27,(anonymous_2)
FN:38,(anonymous_3)
FN:41,(anonymous_4)
FNF:5
FNH:0
FNDA:0,(anonymous_0)
FNDA:0,(anonymous_1)
FNDA:0,(anonymous_2)
FNDA:0,(anonymous_3)
FNDA:0,(anonymous_4)
DA:17,0
DA:23,0
DA:24,0
DA:26,0
DA:27,0
DA:28,0
DA:32,0
DA:38,0
DA:41,0
DA:46,0
LF:10
LH:0
BRDA:20,0,0,0
BRDA:21,1,0,0
BRF:2
BRH:0
end_of_record
TN:
SF:components\onboarding\OnboardingButton.tsx
FN:21,OnboardingButton
FN:32,(anonymous_1)
FN:38,(anonymous_2)
FN:42,(anonymous_3)
FN:48,(anonymous_4)
FN:59,(anonymous_5)
FNF:6
FNH:0
FNDA:0,OnboardingButton
FNDA:0,(anonymous_1)
FNDA:0,(anonymous_2)
FNDA:0,(anonymous_3)
FNDA:0,(anonymous_4)
FNDA:0,(anonymous_5)
DA:29,0
DA:30,0
DA:32,0
DA:37,0
DA:39,0
DA:40,0
DA:43,0
DA:44,0
DA:45,0
DA:48,0
DA:49,0
DA:51,0
DA:53,0
DA:55,0
DA:59,0
DA:60,0
DA:62,0
DA:64,0
DA:66,0
DA:70,0
DA:89,0
LF:21
LH:0
BRDA:26,0,0,0
BRDA:27,1,0,0
BRDA:49,2,0,0
BRDA:49,2,1,0
BRDA:49,2,2,0
BRDA:60,3,0,0
BRDA:60,3,1,0
BRDA:60,3,2,0
BRDA:77,4,0,0
BRDA:77,4,1,0
BRF:10
BRH:0
end_of_record
TN:
SF:components\onboarding\OnboardingStage.tsx
FN:10,OnboardingStage
FNF:1
FNH:0
FNDA:0,OnboardingStage
DA:11,0
DA:20,0
LF:2
LH:0
BRDA:10,0,0,0
BRF:1
BRH:0
end_of_record
TN:
SF:components\onboarding\ProgressIndicator.tsx
FN:16,ProgressIndicator
FN:38,(anonymous_1)
FNF:2
FNH:0
FNDA:0,ProgressIndicator
FNDA:0,(anonymous_1)
DA:22,0
DA:24,0
DA:39,0
DA:55,0
LF:4
LH:0
BRDA:19,0,0,0
BRDA:20,1,0,0
BRDA:44,2,0,0
BRDA:44,2,1,0
BRF:4
BRH:0
end_of_record
TN:
SF:components\onboarding\PulseAnimation.tsx
FN:20,PulseAnimation
FN:30,(anonymous_1)
FN:69,(anonymous_2)
FN:77,(anonymous_3)
FN:120,(anonymous_4)
FNF:5
FNH:0
FNDA:0,PulseAnimation
FNDA:0,(anonymous_1)
FNDA:0,(anonymous_2)
FNDA:0,(anonymous_3)
FNDA:0,(anonymous_4)
DA:26,0
DA:27,0
DA:28,0
DA:30,0
DA:31,0
DA:37,0
DA:40,0
DA:50,0
DA:60,0
DA:61,0
DA:69,0
DA:77,0
DA:82,0
DA:120,0
DA:131,0
LF:15
LH:0
BRDA:21,0,0,0
BRDA:22,1,0,0
BRDA:23,2,0,0
BRDA:24,3,0,0
BRDA:60,4,0,0
BRDA:60,4,1,0
BRDA:85,5,0,0
BRDA:85,5,1,0
BRDA:110,6,0,0
BRDA:110,6,1,0
BRDA:110,6,2,0
BRF:11
BRH:0
end_of_record
TN:
SF:components\onboarding\QASystem.tsx
FN:36,QASystem
FN:41,(anonymous_1)
FNF:2
FNH:0
FNDA:0,QASystem
FNDA:0,(anonymous_1)
DA:19,0
DA:37,0
DA:38,0
DA:39,0
DA:41,0
DA:42,0
DA:43,0
DA:46,0
DA:47,0
DA:48,0
DA:50,0
DA:54,0
DA:56,0
DA:78,0
LF:14
LH:0
BRDA:42,0,0,0
BRDA:42,0,1,0
BRDA:46,1,0,0
BRDA:46,1,1,0
BRDA:68,2,0,0
BRDA:68,2,1,0
BRF:6
BRH:0
end_of_record
TN:
SF:components\onboarding\RestartButton.tsx
FN:8,(anonymous_0)
FNF:1
FNH:0
FNDA:0,(anonymous_0)
DA:8,0
DA:9,0
DA:16,0
LF:3
LH:0
BRF:0
BRH:0
end_of_record
TN:
SF:components\onboarding\SkipButton.tsx
FN:12,SkipButton
FN:20,(anonymous_1)
FN:30,(anonymous_2)
FN:45,(anonymous_3)
FNF:4
FNH:0
FNDA:0,SkipButton
FNDA:0,(anonymous_1)
FNDA:0,(anonymous_2)
FNDA:0,(anonymous_3)
DA:18,0
DA:20,0
DA:21,0
DA:22,0
DA:31,0
DA:32,0
DA:38,0
DA:47,0
DA:55,0
DA:67,0
LF:10
LH:0
BRDA:15,0,0,0
BRDA:21,1,0,0
BRDA:21,1,1,0
BRDA:61,2,0,0
BRDA:61,2,1,0
BRF:5
BRH:0
end_of_record
TN:
SF:components\types\CrossDeviceSyncTypes.ts
FNF:0
FNH:0
LF:0
LH:0
BRF:0
BRH:0
end_of_record
TN:
SF:components\ui\IconSymbol.ios.tsx
FN:4,IconSymbol
FNF:1
FNH:0
FNDA:0,IconSymbol
DA:17,0
LF:1
LH:0
BRDA:6,0,0,0
BRDA:9,1,0,0
BRF:2
BRH:0
end_of_record
TN:
SF:components\ui\IconSymbol.tsx
FN:28,IconSymbol
FNF:1
FNH:0
FNDA:0,IconSymbol
DA:16,0
DA:40,0
LF:2
LH:0
BRDA:30,0,0,0
BRF:1
BRH:0
end_of_record
TN:
SF:components\ui\TabBarBackground.ios.tsx
FN:5,BlurTabBarBackground
FN:17,useBottomTabOverflow
FNF:2
FNH:0
FNDA:0,BlurTabBarBackground
FNDA:0,useBottomTabOverflow
DA:6,0
DA:18,0
LF:2
LH:0
BRF:0
BRH:0
end_of_record
TN:
SF:components\ui\TabBarBackground.tsx
FN:4,useBottomTabOverflow
FNF:1
FNH:0
FNDA:0,useBottomTabOverflow
DA:5,0
LF:1
LH:0
BRF:0
BRH:0
end_of_record
